<?xml version="1.0" encoding="UTF-8"?>
<testsuite xmlns:xsi="http://www.w3.org/2001/XMLSchema-instance" xsi:noNamespaceSchemaLocation="https://maven.apache.org/surefire/maven-surefire-plugin/xsd/surefire-test-report-3.0.xsd" version="3.0" name="edu.brown.cs.student.main.datasource.TestBroadbandHandlerReal" time="0.001" tests="1" errors="1" skipped="0" failures="0">
  <properties>
[...]
</properties>
  <testcase name="" classname="edu.brown.cs.student.main.datasource.TestBroadbandHandlerReal" time="0.001">
    <error message="This must be done before route mapping has begun" type="java.lang.IllegalStateException"><![CDATA[java.lang.IllegalStateException: This must be done before route mapping has begun
	at spark.Service.throwBeforeRouteMappingException(Service.java:504)
	at spark.Service.port(Service.java:169)
	at spark.Spark.port(Spark.java:1014)
	at edu.brown.cs.student.main.datasource.TestBroadbandHandlerReal.setupBeforeEverything(TestBroadbandHandlerReal.java:37)
	at java.base/jdk.internal.reflect.NativeMethodAccessorImpl.invoke0(Native Method)
	at java.base/jdk.internal.reflect.NativeMethodAccessorImpl.invoke(NativeMethodAccessorImpl.java:77)
	at java.base/jdk.internal.reflect.DelegatingMethodAccessorImpl.invoke(DelegatingMethodAccessorImpl.java:43)
	at java.base/java.lang.reflect.Method.invoke(Method.java:568)
	at org.junit.platform.commons.util.ReflectionUtils.invokeMethod(ReflectionUtils.java:628)
	at org.junit.jupiter.engine.execution.ExecutableInvoker.invoke(ExecutableInvoker.java:117)
	at org.junit.jupiter.engine.descriptor.ClassTestDescriptor.lambda$invokeBeforeAllMethods$9(ClassTestDescriptor.java:376)
	at org.junit.platform.engine.support.hierarchical.ThrowableCollector.execute(ThrowableCollector.java:73)
	at org.junit.jupiter.engine.descriptor.ClassTestDescriptor.invokeBeforeAllMethods(ClassTestDescriptor.java:375)
	at org.junit.jupiter.engine.descriptor.ClassTestDescriptor.before(ClassTestDescriptor.java:201)
	at org.junit.jupiter.engine.descriptor.ClassTestDescriptor.before(ClassTestDescriptor.java:77)
	at org.junit.platform.engine.support.hierarchical.NodeTestTask.lambda$executeRecursively$5(NodeTestTask.java:132)
	at org.junit.platform.engine.support.hierarchical.ThrowableCollector.execute(ThrowableCollector.java:73)
	at org.junit.platform.engine.support.hierarchical.NodeTestTask.lambda$executeRecursively$7(NodeTestTask.java:125)
	at org.junit.platform.engine.support.hierarchical.Node.around(Node.java:135)
	at org.junit.platform.engine.support.hierarchical.NodeTestTask.lambda$executeRecursively$8(NodeTestTask.java:123)
	at org.junit.platform.engine.support.hierarchical.ThrowableCollector.execute(ThrowableCollector.java:73)
	at org.junit.platform.engine.support.hierarchical.NodeTestTask.executeRecursively(NodeTestTask.java:122)
	at org.junit.platform.engine.support.hierarchical.NodeTestTask.execute(NodeTestTask.java:80)
	at java.base/java.util.ArrayList.forEach(ArrayList.java:1511)
	at org.junit.platform.engine.support.hierarchical.SameThreadHierarchicalTestExecutorService.invokeAll(SameThreadHierarchicalTestExecutorService.java:38)
	at org.junit.platform.engine.support.hierarchical.NodeTestTask.lambda$executeRecursively$5(NodeTestTask.java:139)
	at org.junit.platform.engine.support.hierarchical.ThrowableCollector.execute(ThrowableCollector.java:73)
	at org.junit.platform.engine.support.hierarchical.NodeTestTask.lambda$executeRecursively$7(NodeTestTask.java:125)
	at org.junit.platform.engine.support.hierarchical.Node.around(Node.java:135)
	at org.junit.platform.engine.support.hierarchical.NodeTestTask.lambda$executeRecursively$8(NodeTestTask.java:123)
	at org.junit.platform.engine.support.hierarchical.ThrowableCollector.execute(ThrowableCollector.java:73)
	at org.junit.platform.engine.support.hierarchical.NodeTestTask.executeRecursively(NodeTestTask.java:122)
	at org.junit.platform.engine.support.hierarchical.NodeTestTask.execute(NodeTestTask.java:80)
	at org.junit.platform.engine.support.hierarchical.SameThreadHierarchicalTestExecutorService.submit(SameThreadHierarchicalTestExecutorService.java:32)
	at org.junit.platform.engine.support.hierarchical.HierarchicalTestExecutor.execute(HierarchicalTestExecutor.java:57)
	at org.junit.platform.engine.support.hierarchical.HierarchicalTestEngine.execute(HierarchicalTestEngine.java:51)
	at org.junit.platform.launcher.core.DefaultLauncher.execute(DefaultLauncher.java:229)
	at org.junit.platform.launcher.core.DefaultLauncher.lambda$execute$6(DefaultLauncher.java:197)
	at org.junit.platform.launcher.core.DefaultLauncher.withInterceptedStreams(DefaultLauncher.java:211)
	at org.junit.platform.launcher.core.DefaultLauncher.execute(DefaultLauncher.java:191)
	at org.junit.platform.launcher.core.DefaultLauncher.execute(DefaultLauncher.java:128)
	at org.apache.maven.surefire.junitplatform.LazyLauncher.execute(LazyLauncher.java:55)
	at org.apache.maven.surefire.junitplatform.JUnitPlatformProvider.execute(JUnitPlatformProvider.java:223)
	at org.apache.maven.surefire.junitplatform.JUnitPlatformProvider.invokeAllTests(JUnitPlatformProvider.java:175)
	at org.apache.maven.surefire.junitplatform.JUnitPlatformProvider.invoke(JUnitPlatformProvider.java:139)
	at org.apache.maven.surefire.booter.ForkedBooter.runSuitesInProcess(ForkedBooter.java:456)
	at org.apache.maven.surefire.booter.ForkedBooter.execute(ForkedBooter.java:169)
	at org.apache.maven.surefire.booter.ForkedBooter.run(ForkedBooter.java:595)
	at org.apache.maven.surefire.booter.ForkedBooter.main(ForkedBooter.java:581)
]]></error>
    <system-out><![CDATA[18:29:58.743 [qtp1410481748-27] DEBUG org.eclipse.jetty.io.ManagedSelector - Destroyed SocketChannelEndPoint@57329211{l=/127.0.0.1:60922,r=/127.0.0.1:60923,CLOSED,fill=-,flush=-,to=27/3600000}{io=0/0,kio=-1,kro=-1}->HttpConnection@6e2f72ca[p=HttpParser{s=CLOSED,0 of -1},g=HttpGenerator@2c449f9a{s=START}]=>HttpChannelOverHttp@2c8fafaa{s=HttpChannelState@16fcd55c{s=IDLE rs=BLOCKING os=OPEN is=IDLE awp=false se=false i=true al=0},r=1,c=false/false,a=IDLE,uri=null,age=0}
18:29:58.743 [qtp1410481748-27] DEBUG org.eclipse.jetty.io.AbstractConnection - onClose HttpConnection@6e2f72ca::SocketChannelEndPoint@57329211{l=/127.0.0.1:60922,r=/127.0.0.1:60923,CLOSED,fill=-,flush=-,to=27/3600000}{io=0/0,kio=-1,kro=-1}->HttpConnection@6e2f72ca[p=HttpParser{s=CLOSED,0 of -1},g=HttpGenerator@2c449f9a{s=START}]=>HttpChannelOverHttp@2c8fafaa{s=HttpChannelState@16fcd55c{s=IDLE rs=BLOCKING os=OPEN is=IDLE awp=false se=false i=true al=0},r=1,c=false/false,a=IDLE,uri=null,age=0}
18:29:58.743 [qtp1410481748-27] DEBUG org.eclipse.jetty.util.thread.QueuedThreadPool - ran org.eclipse.jetty.io.ManagedSelector$DestroyEndPoint@31b28fc3 in QueuedThreadPool[qtp1410481748]@54123e54{STARTED,8<=8<=200,i=0,r=8,q=0}[ReservedThreadExecutor@7d01969b{s=1/8,p=0}]
18:29:58.742 [qtp1410481748-26] DEBUG org.eclipse.jetty.io.ManagedSelector - Selector sun.nio.ch.KQueueSelectorImpl@3af34f58 waiting with 0 keys
18:29:58.743 [qtp1410481748-21] DEBUG org.eclipse.jetty.io.AbstractEndPoint - shutdownOutput SocketChannelEndPoint@57329211{l=/127.0.0.1:60922,r=/127.0.0.1:60923,CLOSED,fill=-,flush=-,to=27/3600000}{io=0/0,kio=-1,kro=-1}->HttpConnection@6e2f72ca[p=HttpParser{s=CLOSED,0 of -1},g=HttpGenerator@2c449f9a{s=START}]=>HttpChannelOverHttp@2c8fafaa{s=HttpChannelState@16fcd55c{s=IDLE rs=BLOCKING os=OPEN is=IDLE awp=false se=false i=true al=0},r=1,c=false/false,a=IDLE,uri=null,age=0}
18:29:58.744 [qtp1410481748-21] DEBUG org.eclipse.jetty.server.HttpConnection - HttpConnection@6e2f72ca::SocketChannelEndPoint@57329211{l=/127.0.0.1:60922,r=/127.0.0.1:60923,CLOSED,fill=-,flush=-,to=28/3600000}{io=0/0,kio=-1,kro=-1}->HttpConnection@6e2f72ca[p=HttpParser{s=CLOSED,0 of -1},g=HttpGenerator@2c449f9a{s=START}]=>HttpChannelOverHttp@2c8fafaa{s=HttpChannelState@16fcd55c{s=IDLE rs=BLOCKING os=OPEN is=IDLE awp=false se=false i=true al=0},r=1,c=false/false,a=IDLE,uri=null,age=0} onFillable exit HttpChannelState@16fcd55c{s=IDLE rs=BLOCKING os=OPEN is=IDLE awp=false se=false i=true al=0} null
18:29:58.744 [qtp1410481748-21] DEBUG org.eclipse.jetty.util.thread.QueuedThreadPool - ran org.eclipse.jetty.io.ManagedSelector$$Lambda$310/0x0000007001134800@6ac65438 in QueuedThreadPool[qtp1410481748]@54123e54{STARTED,8<=8<=200,i=1,r=8,q=0}[ReservedThreadExecutor@7d01969b{s=1/8,p=0}]
]]></system-out>
  </testcase>
</testsuite>