<?xml version="1.0" encoding="UTF-8"?>
<testsuite xmlns:xsi="http://www.w3.org/2001/XMLSchema-instance" xsi:noNamespaceSchemaLocation="https://maven.apache.org/surefire/maven-surefire-plugin/xsd/surefire-test-report-3.0.xsd" version="3.0" name="edu.brown.cs.student.main.datasource.TestBroadbandHandlerMock" time="0.785" tests="1" errors="0" skipped="0" failures="0">
  <properties>
[...]
</properties>
  <testcase name="testBroadbandSuccess" classname="edu.brown.cs.student.main.datasource.TestBroadbandHandlerMock" time="0.687">
    <system-out><![CDATA[18:29:58.065 [main] DEBUG spark.route.Routes - Adds route: get, broadband, spark.RouteImpl$1@c5dc4a2
18:29:58.087 [Thread-2] DEBUG org.eclipse.jetty.util.log - Logging to Logger[org.eclipse.jetty.util.log] via org.eclipse.jetty.util.log.Slf4jLog
18:29:58.089 [Thread-2] INFO org.eclipse.jetty.util.log - Logging initialized @878ms to org.eclipse.jetty.util.log.Slf4jLog
18:29:58.136 [Thread-2] DEBUG org.eclipse.jetty.util.component.ContainerLifeCycle - Server@54a68da2{STOPPED}[9.4.31.v20200723] added {QueuedThreadPool[qtp1410481748]@54123e54{STOPPED,8<=0<=200,i=0,r=-1,q=0}[NO_TRY],AUTO}
18:29:58.182 [Thread-2] DEBUG org.eclipse.jetty.util.component.ContainerLifeCycle - HttpConnectionFactory@61d2856a[HTTP/1.1] added {HttpConfiguration@26fbbc25{32768/8192,8192/8192,https://:0,[ForwardedRequestCustomizer@6d331723]},POJO}
18:29:58.211 [Thread-2] DEBUG org.eclipse.jetty.util.component.ContainerLifeCycle - ServerConnector@2875a9c7{null, ()}{0.0.0.0:0} added {Server@54a68da2{STOPPED}[9.4.31.v20200723],UNMANAGED}
18:29:58.211 [Thread-2] DEBUG org.eclipse.jetty.util.component.ContainerLifeCycle - ServerConnector@2875a9c7{null, ()}{0.0.0.0:0} added {QueuedThreadPool[qtp1410481748]@54123e54{STOPPED,8<=0<=200,i=0,r=-1,q=0}[NO_TRY],AUTO}
18:29:58.211 [Thread-2] DEBUG org.eclipse.jetty.util.component.ContainerLifeCycle - ServerConnector@2875a9c7{null, ()}{0.0.0.0:0} added {ScheduledExecutorScheduler@6c333d8b{STOPPED},AUTO}
18:29:58.211 [Thread-2] DEBUG org.eclipse.jetty.util.component.ContainerLifeCycle - ServerConnector@2875a9c7{null, ()}{0.0.0.0:0} added {org.eclipse.jetty.io.ArrayByteBufferPool@72123742,POJO}
18:29:58.211 [Thread-2] DEBUG org.eclipse.jetty.util.component.ContainerLifeCycle - ServerConnector@2875a9c7{null, (http/1.1)}{0.0.0.0:0} added {HttpConnectionFactory@61d2856a[HTTP/1.1],AUTO}
18:29:58.212 [Thread-2] DEBUG org.eclipse.jetty.server.AbstractConnector - ServerConnector@2875a9c7{HTTP/1.1, (http/1.1)}{0.0.0.0:0} added HttpConnectionFactory@61d2856a[HTTP/1.1]
18:29:58.218 [Thread-2] DEBUG org.eclipse.jetty.util.component.ContainerLifeCycle - ServerConnector@2875a9c7{HTTP/1.1, (http/1.1)}{0.0.0.0:0} added {SelectorManager@ServerConnector@2875a9c7{HTTP/1.1, (http/1.1)}{0.0.0.0:0},MANAGED}
18:29:58.218 [Thread-2] DEBUG org.eclipse.jetty.util.component.ContainerLifeCycle - Server@54a68da2{STOPPED}[9.4.31.v20200723] added {ServerConnector@2875a9c7{HTTP/1.1, (http/1.1)}{0.0.0.0:60922},AUTO}
18:29:58.219 [Thread-2] DEBUG org.eclipse.jetty.util.component.ContainerLifeCycle - Server@54a68da2{STOPPED}[9.4.31.v20200723] added {spark.embeddedserver.jetty.JettyHandler837180053==dftMaxIdleSec=-1,MANAGED}
18:29:58.220 [Thread-2] INFO spark.embeddedserver.jetty.EmbeddedJettyServer - == Spark has ignited ...
18:29:58.220 [Thread-2] INFO spark.embeddedserver.jetty.EmbeddedJettyServer - >> Listening on 0.0.0.0:60922
18:29:58.220 [Thread-2] DEBUG org.eclipse.jetty.util.component.AbstractLifeCycle - starting Server@54a68da2{STOPPED}[9.4.31.v20200723]
18:29:58.231 [Thread-2] DEBUG org.eclipse.jetty.util.component.ContainerLifeCycle - Server@54a68da2{STARTING}[9.4.31.v20200723] added {ErrorHandler@fc5c17e{STOPPED},AUTO}
18:29:58.232 [Thread-2] INFO org.eclipse.jetty.server.Server - jetty-9.4.31.v20200723; built: 2020-07-23T17:57:36.812Z; git: 450ba27947e13e66baa8cd1ce7e85a4461cacc1d; jvm 17.0.8.1+0
18:29:58.248 [Thread-2] DEBUG org.eclipse.jetty.server.handler.AbstractHandler - starting Server@54a68da2{STARTING}[9.4.31.v20200723]
18:29:58.248 [Thread-2] DEBUG org.eclipse.jetty.util.component.AbstractLifeCycle - starting QueuedThreadPool[qtp1410481748]@54123e54{STOPPED,8<=0<=200,i=0,r=-1,q=0}[NO_TRY]
18:29:58.249 [Thread-2] DEBUG org.eclipse.jetty.util.thread.ReservedThreadExecutor - ReservedThreadExecutor@7d01969b{s=0/8,p=0}
18:29:58.249 [Thread-2] DEBUG org.eclipse.jetty.util.component.ContainerLifeCycle - QueuedThreadPool[qtp1410481748]@54123e54{STARTING,8<=0<=200,i=0,r=-1,q=0}[ReservedThreadExecutor@7d01969b{s=0/8,p=0}] added {ReservedThreadExecutor@7d01969b{s=0/8,p=0},AUTO}
18:29:58.249 [Thread-2] DEBUG org.eclipse.jetty.util.component.AbstractLifeCycle - starting ReservedThreadExecutor@7d01969b{s=0/8,p=0}
18:29:58.250 [Thread-2] DEBUG org.eclipse.jetty.util.component.AbstractLifeCycle - STARTED @1039ms ReservedThreadExecutor@7d01969b{s=0/8,p=0}
18:29:58.250 [Thread-2] DEBUG org.eclipse.jetty.util.thread.QueuedThreadPool - Starting Thread[qtp1410481748-20,5,main]
18:29:58.251 [Thread-2] DEBUG org.eclipse.jetty.util.thread.QueuedThreadPool - Starting Thread[qtp1410481748-21,5,main]
18:29:58.251 [qtp1410481748-20] DEBUG org.eclipse.jetty.util.thread.QueuedThreadPool - Runner started for QueuedThreadPool[qtp1410481748]@54123e54{STARTING,8<=2<=200,i=2,r=-1,q=0}[ReservedThreadExecutor@7d01969b{s=0/8,p=0}]
18:29:58.251 [Thread-2] DEBUG org.eclipse.jetty.util.thread.QueuedThreadPool - Starting Thread[qtp1410481748-22,5,main]
18:29:58.251 [qtp1410481748-21] DEBUG org.eclipse.jetty.util.thread.QueuedThreadPool - Runner started for QueuedThreadPool[qtp1410481748]@54123e54{STARTING,8<=3<=200,i=3,r=-1,q=0}[ReservedThreadExecutor@7d01969b{s=0/8,p=0}]
18:29:58.252 [Thread-2] DEBUG org.eclipse.jetty.util.thread.QueuedThreadPool - Starting Thread[qtp1410481748-23,5,main]
18:29:58.252 [qtp1410481748-22] DEBUG org.eclipse.jetty.util.thread.QueuedThreadPool - Runner started for QueuedThreadPool[qtp1410481748]@54123e54{STARTING,8<=4<=200,i=4,r=-1,q=0}[ReservedThreadExecutor@7d01969b{s=0/8,p=0}]
18:29:58.252 [Thread-2] DEBUG org.eclipse.jetty.util.thread.QueuedThreadPool - Starting Thread[qtp1410481748-24,5,main]
18:29:58.252 [qtp1410481748-23] DEBUG org.eclipse.jetty.util.thread.QueuedThreadPool - Runner started for QueuedThreadPool[qtp1410481748]@54123e54{STARTING,8<=5<=200,i=5,r=-1,q=0}[ReservedThreadExecutor@7d01969b{s=0/8,p=0}]
18:29:58.253 [Thread-2] DEBUG org.eclipse.jetty.util.thread.QueuedThreadPool - Starting Thread[qtp1410481748-25,5,main]
18:29:58.253 [qtp1410481748-24] DEBUG org.eclipse.jetty.util.thread.QueuedThreadPool - Runner started for QueuedThreadPool[qtp1410481748]@54123e54{STARTING,8<=6<=200,i=6,r=-1,q=0}[ReservedThreadExecutor@7d01969b{s=0/8,p=0}]
18:29:58.253 [Thread-2] DEBUG org.eclipse.jetty.util.thread.QueuedThreadPool - Starting Thread[qtp1410481748-26,5,main]
18:29:58.253 [qtp1410481748-25] DEBUG org.eclipse.jetty.util.thread.QueuedThreadPool - Runner started for QueuedThreadPool[qtp1410481748]@54123e54{STARTING,8<=7<=200,i=7,r=-1,q=0}[ReservedThreadExecutor@7d01969b{s=0/8,p=0}]
18:29:58.254 [Thread-2] DEBUG org.eclipse.jetty.util.thread.QueuedThreadPool - Starting Thread[qtp1410481748-27,5,main]
18:29:58.254 [qtp1410481748-26] DEBUG org.eclipse.jetty.util.thread.QueuedThreadPool - Runner started for QueuedThreadPool[qtp1410481748]@54123e54{STARTING,8<=8<=200,i=8,r=-1,q=0}[ReservedThreadExecutor@7d01969b{s=0/8,p=0}]
18:29:58.254 [Thread-2] DEBUG org.eclipse.jetty.util.component.AbstractLifeCycle - STARTED @1043ms QueuedThreadPool[qtp1410481748]@54123e54{STARTED,8<=8<=200,i=8,r=8,q=0}[ReservedThreadExecutor@7d01969b{s=0/8,p=0}]
18:29:58.254 [Thread-2] DEBUG org.eclipse.jetty.util.component.AbstractLifeCycle - starting spark.embeddedserver.jetty.JettyHandler837180053==dftMaxIdleSec=-1
18:29:58.254 [qtp1410481748-27] DEBUG org.eclipse.jetty.util.thread.QueuedThreadPool - Runner started for QueuedThreadPool[qtp1410481748]@54123e54{STARTED,8<=8<=200,i=8,r=8,q=0}[ReservedThreadExecutor@7d01969b{s=0/8,p=0}]
18:29:58.263 [Thread-2] DEBUG org.eclipse.jetty.util.component.ContainerLifeCycle - spark.embeddedserver.jetty.JettyHandler837180053==dftMaxIdleSec=-1 added {org.eclipse.jetty.server.session.DefaultSessionCache@61a21ebf[evict=-1,removeUnloadable=false,saveOnCreate=false,saveOnInactiveEvict=false],AUTO}
18:29:58.265 [Thread-2] DEBUG org.eclipse.jetty.util.component.ContainerLifeCycle - org.eclipse.jetty.server.session.DefaultSessionCache@61a21ebf[evict=-1,removeUnloadable=false,saveOnCreate=false,saveOnInactiveEvict=false] added {org.eclipse.jetty.server.session.NullSessionDataStore@636d451e[passivating=false,graceSec=3600],AUTO}
18:29:58.266 [Thread-2] DEBUG org.eclipse.jetty.util.component.AbstractLifeCycle - starting DefaultSessionIdManager@4920bb98{STOPPED}[worker=null]
18:29:58.274 [Thread-2] INFO org.eclipse.jetty.server.session - DefaultSessionIdManager workerName=node0
18:29:58.274 [Thread-2] INFO org.eclipse.jetty.server.session - No SessionScavenger set, using defaults
18:29:58.276 [Thread-2] DEBUG org.eclipse.jetty.util.component.ContainerLifeCycle - DefaultSessionIdManager@4920bb98{STARTING}[worker=node0] added {HouseKeeper@709d72c{STOPPED}[interval=600000, ownscheduler=false],MANAGED}
18:29:58.276 [Thread-2] DEBUG org.eclipse.jetty.util.component.AbstractLifeCycle - starting HouseKeeper@709d72c{STOPPED}[interval=600000, ownscheduler=false]
18:29:58.276 [Thread-2] DEBUG org.eclipse.jetty.util.component.AbstractLifeCycle - starting ScheduledExecutorScheduler@505018a9{STOPPED}
18:29:58.277 [Thread-2] DEBUG org.eclipse.jetty.util.component.AbstractLifeCycle - STARTED @1066ms ScheduledExecutorScheduler@505018a9{STARTED}
18:29:58.277 [Thread-2] DEBUG org.eclipse.jetty.server.session - Using own scheduler for scavenging
18:29:58.277 [Thread-2] INFO org.eclipse.jetty.server.session - node0 Scavenging every 660000ms
18:29:58.278 [Thread-2] DEBUG org.eclipse.jetty.util.component.AbstractLifeCycle - STARTED @1067ms HouseKeeper@709d72c{STARTED}[interval=660000, ownscheduler=true]
18:29:58.278 [Thread-2] DEBUG org.eclipse.jetty.util.component.AbstractLifeCycle - STARTED @1067ms DefaultSessionIdManager@4920bb98{STARTED}[worker=node0]
18:29:58.278 [Thread-2] DEBUG org.eclipse.jetty.util.component.ContainerLifeCycle - Server@54a68da2{STARTING}[9.4.31.v20200723] added {DefaultSessionIdManager@4920bb98{STARTED}[worker=node0],MANAGED}
18:29:58.278 [Thread-2] DEBUG org.eclipse.jetty.util.component.ContainerLifeCycle - spark.embeddedserver.jetty.JettyHandler837180053==dftMaxIdleSec=-1 added {DefaultSessionIdManager@4920bb98{STARTED}[worker=node0],UNMANAGED}
18:29:58.278 [Thread-2] DEBUG org.eclipse.jetty.util.component.AbstractLifeCycle - starting ScheduledExecutorScheduler@c7a365e{STOPPED}
18:29:58.278 [Thread-2] DEBUG org.eclipse.jetty.util.component.AbstractLifeCycle - STARTED @1067ms ScheduledExecutorScheduler@c7a365e{STARTED}
18:29:58.278 [Thread-2] DEBUG org.eclipse.jetty.server.handler.AbstractHandler - starting spark.embeddedserver.jetty.JettyHandler837180053==dftMaxIdleSec=-1
18:29:58.278 [Thread-2] DEBUG org.eclipse.jetty.util.component.AbstractLifeCycle - starting org.eclipse.jetty.server.session.DefaultSessionCache@61a21ebf[evict=-1,removeUnloadable=false,saveOnCreate=false,saveOnInactiveEvict=false]
18:29:58.279 [Thread-2] DEBUG org.eclipse.jetty.util.component.AbstractLifeCycle - starting org.eclipse.jetty.server.session.NullSessionDataStore@636d451e[passivating=false,graceSec=3600]
18:29:58.279 [Thread-2] DEBUG org.eclipse.jetty.util.component.AbstractLifeCycle - STARTED @1068ms org.eclipse.jetty.server.session.NullSessionDataStore@636d451e[passivating=false,graceSec=3600]
18:29:58.279 [Thread-2] DEBUG org.eclipse.jetty.util.component.AbstractLifeCycle - STARTED @1068ms org.eclipse.jetty.server.session.DefaultSessionCache@61a21ebf[evict=-1,removeUnloadable=false,saveOnCreate=false,saveOnInactiveEvict=false]
18:29:58.279 [Thread-2] DEBUG org.eclipse.jetty.util.component.AbstractLifeCycle - STARTED @1068ms spark.embeddedserver.jetty.JettyHandler837180053==dftMaxIdleSec=-1
18:29:58.279 [Thread-2] DEBUG org.eclipse.jetty.util.component.AbstractLifeCycle - starting ErrorHandler@fc5c17e{STOPPED}
18:29:58.279 [Thread-2] DEBUG org.eclipse.jetty.server.handler.AbstractHandler - starting ErrorHandler@fc5c17e{STARTING}
18:29:58.279 [Thread-2] DEBUG org.eclipse.jetty.util.component.AbstractLifeCycle - STARTED @1068ms ErrorHandler@fc5c17e{STARTED}
18:29:58.279 [Thread-2] DEBUG org.eclipse.jetty.util.component.AbstractLifeCycle - starting ServerConnector@2875a9c7{HTTP/1.1, (http/1.1)}{0.0.0.0:60922}
18:29:58.283 [Thread-2] DEBUG org.eclipse.jetty.util.component.ContainerLifeCycle - ServerConnector@2875a9c7{HTTP/1.1, (http/1.1)}{0.0.0.0:60922} added {sun.nio.ch.ServerSocketChannelImpl[/[0:0:0:0:0:0:0:0]:60922],POJO}
18:29:58.284 [Thread-2] DEBUG org.eclipse.jetty.util.component.AbstractLifeCycle - starting ScheduledExecutorScheduler@6c333d8b{STOPPED}
18:29:58.284 [Thread-2] DEBUG org.eclipse.jetty.util.component.AbstractLifeCycle - STARTED @1073ms ScheduledExecutorScheduler@6c333d8b{STARTED}
18:29:58.284 [Thread-2] DEBUG org.eclipse.jetty.util.component.AbstractLifeCycle - starting HttpConnectionFactory@61d2856a[HTTP/1.1]
18:29:58.284 [Thread-2] DEBUG org.eclipse.jetty.util.component.AbstractLifeCycle - STARTED @1073ms HttpConnectionFactory@61d2856a[HTTP/1.1]
18:29:58.284 [Thread-2] DEBUG org.eclipse.jetty.util.component.AbstractLifeCycle - starting SelectorManager@ServerConnector@2875a9c7{HTTP/1.1, (http/1.1)}{0.0.0.0:60922}
18:29:58.296 [Thread-2] DEBUG org.eclipse.jetty.util.component.ContainerLifeCycle - EatWhatYouKill@aaa742c/SelectorProducer@6dace1ff/IDLE/p=false/QueuedThreadPool[qtp1410481748]@54123e54{STARTED,8<=8<=200,i=8,r=8,q=0}[ReservedThreadExecutor@7d01969b{s=0/8,p=0}][pc=0,pic=0,pec=0,epc=0]@2023-11-11T18:29:58.295234-05:00 added {SelectorProducer@6dace1ff,POJO}
18:29:58.296 [Thread-2] DEBUG org.eclipse.jetty.util.component.ContainerLifeCycle - EatWhatYouKill@aaa742c/SelectorProducer@6dace1ff/IDLE/p=false/QueuedThreadPool[qtp1410481748]@54123e54{STARTED,8<=8<=200,i=8,r=8,q=0}[ReservedThreadExecutor@7d01969b{s=0/8,p=0}][pc=0,pic=0,pec=0,epc=0]@2023-11-11T18:29:58.296376-05:00 added {QueuedThreadPool[qtp1410481748]@54123e54{STARTED,8<=8<=200,i=8,r=8,q=0}[ReservedThreadExecutor@7d01969b{s=0/8,p=0}],UNMANAGED}
18:29:58.296 [Thread-2] DEBUG org.eclipse.jetty.util.thread.strategy.EatWhatYouKill - EatWhatYouKill@aaa742c/SelectorProducer@6dace1ff/IDLE/p=false/QueuedThreadPool[qtp1410481748]@54123e54{STARTED,8<=8<=200,i=8,r=8,q=0}[ReservedThreadExecutor@7d01969b{s=0/8,p=0}][pc=0,pic=0,pec=0,epc=0]@2023-11-11T18:29:58.296579-05:00 created
18:29:58.296 [Thread-2] DEBUG org.eclipse.jetty.util.component.ContainerLifeCycle - ManagedSelector@5f0b61bd{STOPPED} id=0 keys=-1 selected=-1 updates=0 added {EatWhatYouKill@aaa742c/SelectorProducer@6dace1ff/IDLE/p=false/QueuedThreadPool[qtp1410481748]@54123e54{STARTED,8<=8<=200,i=8,r=8,q=0}[ReservedThreadExecutor@7d01969b{s=0/8,p=0}][pc=0,pic=0,pec=0,epc=0]@2023-11-11T18:29:58.296751-05:00,MANAGED}
18:29:58.296 [Thread-2] DEBUG org.eclipse.jetty.util.component.ContainerLifeCycle - SelectorManager@ServerConnector@2875a9c7{HTTP/1.1, (http/1.1)}{0.0.0.0:60922} added {ManagedSelector@5f0b61bd{STOPPED} id=0 keys=-1 selected=-1 updates=0,AUTO}
18:29:58.297 [Thread-2] DEBUG org.eclipse.jetty.util.component.ContainerLifeCycle - EatWhatYouKill@731c96a0/SelectorProducer@7df3b95/IDLE/p=false/QueuedThreadPool[qtp1410481748]@54123e54{STARTED,8<=8<=200,i=8,r=8,q=0}[ReservedThreadExecutor@7d01969b{s=0/8,p=0}][pc=0,pic=0,pec=0,epc=0]@2023-11-11T18:29:58.297049-05:00 added {SelectorProducer@7df3b95,POJO}
18:29:58.297 [Thread-2] DEBUG org.eclipse.jetty.util.component.ContainerLifeCycle - EatWhatYouKill@731c96a0/SelectorProducer@7df3b95/IDLE/p=false/QueuedThreadPool[qtp1410481748]@54123e54{STARTED,8<=8<=200,i=8,r=8,q=0}[ReservedThreadExecutor@7d01969b{s=0/8,p=0}][pc=0,pic=0,pec=0,epc=0]@2023-11-11T18:29:58.29722-05:00 added {QueuedThreadPool[qtp1410481748]@54123e54{STARTED,8<=8<=200,i=8,r=8,q=0}[ReservedThreadExecutor@7d01969b{s=0/8,p=0}],UNMANAGED}
18:29:58.297 [Thread-2] DEBUG org.eclipse.jetty.util.thread.strategy.EatWhatYouKill - EatWhatYouKill@731c96a0/SelectorProducer@7df3b95/IDLE/p=false/QueuedThreadPool[qtp1410481748]@54123e54{STARTED,8<=8<=200,i=8,r=8,q=0}[ReservedThreadExecutor@7d01969b{s=0/8,p=0}][pc=0,pic=0,pec=0,epc=0]@2023-11-11T18:29:58.297385-05:00 created
18:29:58.297 [Thread-2] DEBUG org.eclipse.jetty.util.component.ContainerLifeCycle - ManagedSelector@2720cb44{STOPPED} id=1 keys=-1 selected=-1 updates=0 added {EatWhatYouKill@731c96a0/SelectorProducer@7df3b95/IDLE/p=false/QueuedThreadPool[qtp1410481748]@54123e54{STARTED,8<=8<=200,i=8,r=8,q=0}[ReservedThreadExecutor@7d01969b{s=0/8,p=0}][pc=0,pic=0,pec=0,epc=0]@2023-11-11T18:29:58.297537-05:00,MANAGED}
18:29:58.297 [Thread-2] DEBUG org.eclipse.jetty.util.component.ContainerLifeCycle - SelectorManager@ServerConnector@2875a9c7{HTTP/1.1, (http/1.1)}{0.0.0.0:60922} added {ManagedSelector@2720cb44{STOPPED} id=1 keys=-1 selected=-1 updates=0,AUTO}
18:29:58.297 [Thread-2] DEBUG org.eclipse.jetty.util.component.ContainerLifeCycle - EatWhatYouKill@23225094/SelectorProducer@341c7bc6/IDLE/p=false/QueuedThreadPool[qtp1410481748]@54123e54{STARTED,8<=8<=200,i=8,r=8,q=0}[ReservedThreadExecutor@7d01969b{s=0/8,p=0}][pc=0,pic=0,pec=0,epc=0]@2023-11-11T18:29:58.297836-05:00 added {SelectorProducer@341c7bc6,POJO}
18:29:58.298 [Thread-2] DEBUG org.eclipse.jetty.util.component.ContainerLifeCycle - EatWhatYouKill@23225094/SelectorProducer@341c7bc6/IDLE/p=false/QueuedThreadPool[qtp1410481748]@54123e54{STARTED,8<=8<=200,i=8,r=8,q=0}[ReservedThreadExecutor@7d01969b{s=0/8,p=0}][pc=0,pic=0,pec=0,epc=0]@2023-11-11T18:29:58.297976-05:00 added {QueuedThreadPool[qtp1410481748]@54123e54{STARTED,8<=8<=200,i=8,r=8,q=0}[ReservedThreadExecutor@7d01969b{s=0/8,p=0}],UNMANAGED}
18:29:58.298 [Thread-2] DEBUG org.eclipse.jetty.util.thread.strategy.EatWhatYouKill - EatWhatYouKill@23225094/SelectorProducer@341c7bc6/IDLE/p=false/QueuedThreadPool[qtp1410481748]@54123e54{STARTED,8<=8<=200,i=8,r=8,q=0}[ReservedThreadExecutor@7d01969b{s=0/8,p=0}][pc=0,pic=0,pec=0,epc=0]@2023-11-11T18:29:58.2982-05:00 created
18:29:58.298 [Thread-2] DEBUG org.eclipse.jetty.util.component.ContainerLifeCycle - ManagedSelector@4ae1ed43{STOPPED} id=2 keys=-1 selected=-1 updates=0 added {EatWhatYouKill@23225094/SelectorProducer@341c7bc6/IDLE/p=false/QueuedThreadPool[qtp1410481748]@54123e54{STARTED,8<=8<=200,i=8,r=8,q=0}[ReservedThreadExecutor@7d01969b{s=0/8,p=0}][pc=0,pic=0,pec=0,epc=0]@2023-11-11T18:29:58.298381-05:00,MANAGED}
18:29:58.298 [Thread-2] DEBUG org.eclipse.jetty.util.component.ContainerLifeCycle - SelectorManager@ServerConnector@2875a9c7{HTTP/1.1, (http/1.1)}{0.0.0.0:60922} added {ManagedSelector@4ae1ed43{STOPPED} id=2 keys=-1 selected=-1 updates=0,AUTO}
18:29:58.298 [Thread-2] DEBUG org.eclipse.jetty.util.component.ContainerLifeCycle - EatWhatYouKill@6b3a65b0/SelectorProducer@5a2d3eb3/IDLE/p=false/QueuedThreadPool[qtp1410481748]@54123e54{STARTED,8<=8<=200,i=8,r=8,q=0}[ReservedThreadExecutor@7d01969b{s=0/8,p=0}][pc=0,pic=0,pec=0,epc=0]@2023-11-11T18:29:58.298683-05:00 added {SelectorProducer@5a2d3eb3,POJO}
18:29:58.298 [Thread-2] DEBUG org.eclipse.jetty.util.component.ContainerLifeCycle - EatWhatYouKill@6b3a65b0/SelectorProducer@5a2d3eb3/IDLE/p=false/QueuedThreadPool[qtp1410481748]@54123e54{STARTED,8<=8<=200,i=8,r=8,q=0}[ReservedThreadExecutor@7d01969b{s=0/8,p=0}][pc=0,pic=0,pec=0,epc=0]@2023-11-11T18:29:58.298836-05:00 added {QueuedThreadPool[qtp1410481748]@54123e54{STARTED,8<=8<=200,i=8,r=8,q=0}[ReservedThreadExecutor@7d01969b{s=0/8,p=0}],UNMANAGED}
18:29:58.299 [Thread-2] DEBUG org.eclipse.jetty.util.thread.strategy.EatWhatYouKill - EatWhatYouKill@6b3a65b0/SelectorProducer@5a2d3eb3/IDLE/p=false/QueuedThreadPool[qtp1410481748]@54123e54{STARTED,8<=8<=200,i=8,r=8,q=0}[ReservedThreadExecutor@7d01969b{s=0/8,p=0}][pc=0,pic=0,pec=0,epc=0]@2023-11-11T18:29:58.299006-05:00 created
18:29:58.299 [Thread-2] DEBUG org.eclipse.jetty.util.component.ContainerLifeCycle - ManagedSelector@d38ac7b{STOPPED} id=3 keys=-1 selected=-1 updates=0 added {EatWhatYouKill@6b3a65b0/SelectorProducer@5a2d3eb3/IDLE/p=false/QueuedThreadPool[qtp1410481748]@54123e54{STARTED,8<=8<=200,i=8,r=8,q=0}[ReservedThreadExecutor@7d01969b{s=0/8,p=0}][pc=0,pic=0,pec=0,epc=0]@2023-11-11T18:29:58.299202-05:00,MANAGED}
18:29:58.299 [Thread-2] DEBUG org.eclipse.jetty.util.component.ContainerLifeCycle - SelectorManager@ServerConnector@2875a9c7{HTTP/1.1, (http/1.1)}{0.0.0.0:60922} added {ManagedSelector@d38ac7b{STOPPED} id=3 keys=-1 selected=-1 updates=0,AUTO}
18:29:58.299 [Thread-2] DEBUG org.eclipse.jetty.util.component.AbstractLifeCycle - starting ManagedSelector@5f0b61bd{STOPPED} id=0 keys=-1 selected=-1 updates=0
18:29:58.299 [Thread-2] DEBUG org.eclipse.jetty.util.component.AbstractLifeCycle - starting EatWhatYouKill@aaa742c/SelectorProducer@6dace1ff/IDLE/p=false/QueuedThreadPool[qtp1410481748]@54123e54{STARTED,8<=8<=200,i=8,r=8,q=0}[ReservedThreadExecutor@7d01969b{s=0/8,p=0}][pc=0,pic=0,pec=0,epc=0]@2023-11-11T18:29:58.299603-05:00
18:29:58.299 [Thread-2] DEBUG org.eclipse.jetty.util.component.AbstractLifeCycle - STARTED @1088ms EatWhatYouKill@aaa742c/SelectorProducer@6dace1ff/IDLE/p=false/QueuedThreadPool[qtp1410481748]@54123e54{STARTED,8<=8<=200,i=8,r=8,q=0}[ReservedThreadExecutor@7d01969b{s=0/8,p=0}][pc=0,pic=0,pec=0,epc=0]@2023-11-11T18:29:58.299804-05:00
18:29:58.308 [Thread-2] DEBUG org.eclipse.jetty.util.thread.QueuedThreadPool - queue org.eclipse.jetty.io.ManagedSelector$$Lambda$310/0x0000007001134800@294ef9dd startThread=0
18:29:58.309 [Thread-2] DEBUG org.eclipse.jetty.io.ManagedSelector - Queued change lazy=false org.eclipse.jetty.io.ManagedSelector$Start@3432e5f0 on ManagedSelector@5f0b61bd{STARTING} id=0 keys=0 selected=0 updates=0
18:29:58.309 [qtp1410481748-20] DEBUG org.eclipse.jetty.util.thread.QueuedThreadPool - run org.eclipse.jetty.io.ManagedSelector$$Lambda$310/0x0000007001134800@294ef9dd in QueuedThreadPool[qtp1410481748]@54123e54{STARTED,8<=8<=200,i=7,r=8,q=0}[ReservedThreadExecutor@7d01969b{s=0/8,p=0}]
18:29:58.310 [qtp1410481748-20] DEBUG org.eclipse.jetty.util.thread.strategy.EatWhatYouKill - EatWhatYouKill@aaa742c/SelectorProducer@6dace1ff/IDLE/p=false/QueuedThreadPool[qtp1410481748]@54123e54{STARTED,8<=8<=200,i=7,r=8,q=0}[ReservedThreadExecutor@7d01969b{s=0/8,p=0}][pc=0,pic=0,pec=0,epc=0]@2023-11-11T18:29:58.309962-05:00 tryProduce false
18:29:58.310 [qtp1410481748-20] DEBUG org.eclipse.jetty.io.ManagedSelector - updateable 1
18:29:58.310 [qtp1410481748-20] DEBUG org.eclipse.jetty.io.ManagedSelector - update org.eclipse.jetty.io.ManagedSelector$Start@3432e5f0
18:29:58.311 [qtp1410481748-20] DEBUG org.eclipse.jetty.io.ManagedSelector - updates 0
18:29:58.311 [qtp1410481748-20] DEBUG org.eclipse.jetty.io.ManagedSelector - Selector sun.nio.ch.KQueueSelectorImpl@157ba21b waiting with 0 keys
18:29:58.311 [Thread-2] DEBUG org.eclipse.jetty.util.component.AbstractLifeCycle - STARTED @1100ms ManagedSelector@5f0b61bd{STARTED} id=0 keys=0 selected=0 updates=0
18:29:58.311 [Thread-2] DEBUG org.eclipse.jetty.util.component.AbstractLifeCycle - starting ManagedSelector@2720cb44{STOPPED} id=1 keys=-1 selected=-1 updates=0
18:29:58.311 [Thread-2] DEBUG org.eclipse.jetty.util.component.AbstractLifeCycle - starting EatWhatYouKill@731c96a0/SelectorProducer@7df3b95/IDLE/p=false/QueuedThreadPool[qtp1410481748]@54123e54{STARTED,8<=8<=200,i=7,r=8,q=0}[ReservedThreadExecutor@7d01969b{s=0/8,p=0}][pc=0,pic=0,pec=0,epc=0]@2023-11-11T18:29:58.311896-05:00
18:29:58.312 [Thread-2] DEBUG org.eclipse.jetty.util.component.AbstractLifeCycle - STARTED @1101ms EatWhatYouKill@731c96a0/SelectorProducer@7df3b95/IDLE/p=false/QueuedThreadPool[qtp1410481748]@54123e54{STARTED,8<=8<=200,i=7,r=8,q=0}[ReservedThreadExecutor@7d01969b{s=0/8,p=0}][pc=0,pic=0,pec=0,epc=0]@2023-11-11T18:29:58.312204-05:00
18:29:58.312 [Thread-2] DEBUG org.eclipse.jetty.util.thread.QueuedThreadPool - queue org.eclipse.jetty.io.ManagedSelector$$Lambda$310/0x0000007001134800@6ac65438 startThread=0
18:29:58.312 [Thread-2] DEBUG org.eclipse.jetty.io.ManagedSelector - Queued change lazy=false org.eclipse.jetty.io.ManagedSelector$Start@497831f5 on ManagedSelector@2720cb44{STARTING} id=1 keys=0 selected=0 updates=0
18:29:58.313 [qtp1410481748-21] DEBUG org.eclipse.jetty.util.thread.QueuedThreadPool - run org.eclipse.jetty.io.ManagedSelector$$Lambda$310/0x0000007001134800@6ac65438 in QueuedThreadPool[qtp1410481748]@54123e54{STARTED,8<=8<=200,i=6,r=8,q=0}[ReservedThreadExecutor@7d01969b{s=0/8,p=0}]
18:29:58.314 [qtp1410481748-21] DEBUG org.eclipse.jetty.util.thread.strategy.EatWhatYouKill - EatWhatYouKill@731c96a0/SelectorProducer@7df3b95/IDLE/p=false/QueuedThreadPool[qtp1410481748]@54123e54{STARTED,8<=8<=200,i=6,r=8,q=0}[ReservedThreadExecutor@7d01969b{s=0/8,p=0}][pc=0,pic=0,pec=0,epc=0]@2023-11-11T18:29:58.313915-05:00 tryProduce false
18:29:58.314 [qtp1410481748-21] DEBUG org.eclipse.jetty.io.ManagedSelector - updateable 1
18:29:58.314 [qtp1410481748-21] DEBUG org.eclipse.jetty.io.ManagedSelector - update org.eclipse.jetty.io.ManagedSelector$Start@497831f5
18:29:58.314 [qtp1410481748-21] DEBUG org.eclipse.jetty.io.ManagedSelector - updates 0
18:29:58.314 [qtp1410481748-21] DEBUG org.eclipse.jetty.io.ManagedSelector - Selector sun.nio.ch.KQueueSelectorImpl@3af34f58 waiting with 0 keys
18:29:58.314 [Thread-2] DEBUG org.eclipse.jetty.util.component.AbstractLifeCycle - STARTED @1103ms ManagedSelector@2720cb44{STARTED} id=1 keys=0 selected=0 updates=0
18:29:58.314 [Thread-2] DEBUG org.eclipse.jetty.util.component.AbstractLifeCycle - starting ManagedSelector@4ae1ed43{STOPPED} id=2 keys=-1 selected=-1 updates=0
18:29:58.314 [Thread-2] DEBUG org.eclipse.jetty.util.component.AbstractLifeCycle - starting EatWhatYouKill@23225094/SelectorProducer@341c7bc6/IDLE/p=false/QueuedThreadPool[qtp1410481748]@54123e54{STARTED,8<=8<=200,i=6,r=8,q=0}[ReservedThreadExecutor@7d01969b{s=0/8,p=0}][pc=0,pic=0,pec=0,epc=0]@2023-11-11T18:29:58.314728-05:00
18:29:58.315 [Thread-2] DEBUG org.eclipse.jetty.util.component.AbstractLifeCycle - STARTED @1104ms EatWhatYouKill@23225094/SelectorProducer@341c7bc6/IDLE/p=false/QueuedThreadPool[qtp1410481748]@54123e54{STARTED,8<=8<=200,i=6,r=8,q=0}[ReservedThreadExecutor@7d01969b{s=0/8,p=0}][pc=0,pic=0,pec=0,epc=0]@2023-11-11T18:29:58.315037-05:00
18:29:58.315 [Thread-2] DEBUG org.eclipse.jetty.util.thread.QueuedThreadPool - queue org.eclipse.jetty.io.ManagedSelector$$Lambda$310/0x0000007001134800@eecd080 startThread=0
18:29:58.315 [qtp1410481748-22] DEBUG org.eclipse.jetty.util.thread.QueuedThreadPool - run org.eclipse.jetty.io.ManagedSelector$$Lambda$310/0x0000007001134800@eecd080 in QueuedThreadPool[qtp1410481748]@54123e54{STARTED,8<=8<=200,i=5,r=8,q=0}[ReservedThreadExecutor@7d01969b{s=0/8,p=0}]
18:29:58.315 [qtp1410481748-22] DEBUG org.eclipse.jetty.util.thread.strategy.EatWhatYouKill - EatWhatYouKill@23225094/SelectorProducer@341c7bc6/IDLE/p=false/QueuedThreadPool[qtp1410481748]@54123e54{STARTED,8<=8<=200,i=5,r=8,q=0}[ReservedThreadExecutor@7d01969b{s=0/8,p=0}][pc=0,pic=0,pec=0,epc=0]@2023-11-11T18:29:58.315335-05:00 tryProduce false
18:29:58.315 [Thread-2] DEBUG org.eclipse.jetty.io.ManagedSelector - Queued change lazy=false org.eclipse.jetty.io.ManagedSelector$Start@7aaefa29 on ManagedSelector@4ae1ed43{STARTING} id=2 keys=0 selected=0 updates=0
18:29:58.315 [qtp1410481748-22] DEBUG org.eclipse.jetty.io.ManagedSelector - updateable 0
18:29:58.315 [qtp1410481748-22] DEBUG org.eclipse.jetty.io.ManagedSelector - updates 1
18:29:58.315 [qtp1410481748-22] DEBUG org.eclipse.jetty.io.ManagedSelector - wakeup on updates SelectorProducer@341c7bc6
18:29:58.316 [qtp1410481748-22] DEBUG org.eclipse.jetty.io.ManagedSelector - Selector sun.nio.ch.KQueueSelectorImpl@6591aedd waiting with 0 keys
18:29:58.316 [qtp1410481748-22] DEBUG org.eclipse.jetty.io.ManagedSelector - Selector sun.nio.ch.KQueueSelectorImpl@6591aedd woken with none selected
18:29:58.316 [qtp1410481748-22] DEBUG org.eclipse.jetty.io.ManagedSelector - Selector sun.nio.ch.KQueueSelectorImpl@6591aedd woken up from select, 0/0/0 selected
18:29:58.316 [qtp1410481748-22] DEBUG org.eclipse.jetty.io.ManagedSelector - Selector sun.nio.ch.KQueueSelectorImpl@6591aedd processing 0 keys, 1 updates
18:29:58.316 [qtp1410481748-22] DEBUG org.eclipse.jetty.io.ManagedSelector - updateable 1
18:29:58.316 [qtp1410481748-22] DEBUG org.eclipse.jetty.io.ManagedSelector - update org.eclipse.jetty.io.ManagedSelector$Start@7aaefa29
18:29:58.317 [qtp1410481748-22] DEBUG org.eclipse.jetty.io.ManagedSelector - updates 0
18:29:58.317 [qtp1410481748-22] DEBUG org.eclipse.jetty.io.ManagedSelector - Selector sun.nio.ch.KQueueSelectorImpl@6591aedd waiting with 0 keys
18:29:58.317 [Thread-2] DEBUG org.eclipse.jetty.util.component.AbstractLifeCycle - STARTED @1106ms ManagedSelector@4ae1ed43{STARTED} id=2 keys=0 selected=0 updates=0
18:29:58.317 [Thread-2] DEBUG org.eclipse.jetty.util.component.AbstractLifeCycle - starting ManagedSelector@d38ac7b{STOPPED} id=3 keys=-1 selected=-1 updates=0
18:29:58.317 [Thread-2] DEBUG org.eclipse.jetty.util.component.AbstractLifeCycle - starting EatWhatYouKill@6b3a65b0/SelectorProducer@5a2d3eb3/IDLE/p=false/QueuedThreadPool[qtp1410481748]@54123e54{STARTED,8<=8<=200,i=5,r=8,q=0}[ReservedThreadExecutor@7d01969b{s=0/8,p=0}][pc=0,pic=0,pec=0,epc=0]@2023-11-11T18:29:58.317728-05:00
18:29:58.318 [Thread-2] DEBUG org.eclipse.jetty.util.component.AbstractLifeCycle - STARTED @1107ms EatWhatYouKill@6b3a65b0/SelectorProducer@5a2d3eb3/IDLE/p=false/QueuedThreadPool[qtp1410481748]@54123e54{STARTED,8<=8<=200,i=5,r=8,q=0}[ReservedThreadExecutor@7d01969b{s=0/8,p=0}][pc=0,pic=0,pec=0,epc=0]@2023-11-11T18:29:58.318045-05:00
18:29:58.318 [Thread-2] DEBUG org.eclipse.jetty.util.thread.QueuedThreadPool - queue org.eclipse.jetty.io.ManagedSelector$$Lambda$310/0x0000007001134800@221106d0 startThread=0
18:29:58.318 [Thread-2] DEBUG org.eclipse.jetty.io.ManagedSelector - Queued change lazy=false org.eclipse.jetty.io.ManagedSelector$Start@2a6e7cfe on ManagedSelector@d38ac7b{STARTING} id=3 keys=0 selected=0 updates=0
18:29:58.319 [qtp1410481748-23] DEBUG org.eclipse.jetty.util.thread.QueuedThreadPool - run org.eclipse.jetty.io.ManagedSelector$$Lambda$310/0x0000007001134800@221106d0 in QueuedThreadPool[qtp1410481748]@54123e54{STARTED,8<=8<=200,i=4,r=8,q=0}[ReservedThreadExecutor@7d01969b{s=0/8,p=0}]
18:29:58.319 [qtp1410481748-23] DEBUG org.eclipse.jetty.util.thread.strategy.EatWhatYouKill - EatWhatYouKill@6b3a65b0/SelectorProducer@5a2d3eb3/IDLE/p=false/QueuedThreadPool[qtp1410481748]@54123e54{STARTED,8<=8<=200,i=4,r=8,q=0}[ReservedThreadExecutor@7d01969b{s=0/8,p=0}][pc=0,pic=0,pec=0,epc=0]@2023-11-11T18:29:58.319691-05:00 tryProduce false
18:29:58.319 [qtp1410481748-23] DEBUG org.eclipse.jetty.io.ManagedSelector - updateable 1
18:29:58.319 [qtp1410481748-23] DEBUG org.eclipse.jetty.io.ManagedSelector - update org.eclipse.jetty.io.ManagedSelector$Start@2a6e7cfe
18:29:58.319 [qtp1410481748-23] DEBUG org.eclipse.jetty.io.ManagedSelector - updates 0
18:29:58.319 [qtp1410481748-23] DEBUG org.eclipse.jetty.io.ManagedSelector - Selector sun.nio.ch.KQueueSelectorImpl@537c9a49 waiting with 0 keys
18:29:58.320 [Thread-2] DEBUG org.eclipse.jetty.util.component.AbstractLifeCycle - STARTED @1109ms ManagedSelector@d38ac7b{STARTED} id=3 keys=0 selected=0 updates=0
18:29:58.320 [Thread-2] DEBUG org.eclipse.jetty.util.component.AbstractLifeCycle - STARTED @1109ms SelectorManager@ServerConnector@2875a9c7{HTTP/1.1, (http/1.1)}{0.0.0.0:60922}
18:29:58.322 [Thread-2] DEBUG org.eclipse.jetty.util.component.ContainerLifeCycle - ServerConnector@2875a9c7{HTTP/1.1, (http/1.1)}{0.0.0.0:60922} added {acceptor-0@e99fda1,POJO}
18:29:58.322 [Thread-2] DEBUG org.eclipse.jetty.util.thread.QueuedThreadPool - queue acceptor-0@e99fda1 startThread=0
18:29:58.322 [Thread-2] INFO org.eclipse.jetty.server.AbstractConnector - Started ServerConnector@2875a9c7{HTTP/1.1, (http/1.1)}{0.0.0.0:60922}
18:29:58.322 [Thread-2] DEBUG org.eclipse.jetty.util.component.AbstractLifeCycle - STARTED @1111ms ServerConnector@2875a9c7{HTTP/1.1, (http/1.1)}{0.0.0.0:60922}
18:29:58.322 [qtp1410481748-24] DEBUG org.eclipse.jetty.util.thread.QueuedThreadPool - run acceptor-0@e99fda1 in QueuedThreadPool[qtp1410481748]@54123e54{STARTED,8<=8<=200,i=3,r=8,q=0}[ReservedThreadExecutor@7d01969b{s=0/8,p=0}]
18:29:58.322 [Thread-2] INFO org.eclipse.jetty.server.Server - Started @1111ms
18:29:58.322 [Thread-2] DEBUG org.eclipse.jetty.util.component.AbstractLifeCycle - STARTED @1111ms Server@54a68da2{STARTED}[9.4.31.v20200723]
http://localhost:60922/broadband?state=California&county=Alameda%20County
18:29:58.559 [qtp1410481748-24-acceptor-0@e99fda1-ServerConnector@2875a9c7{HTTP/1.1, (http/1.1)}{0.0.0.0:60922}] DEBUG org.eclipse.jetty.io.ManagedSelector - Queued change lazy=false Accept@2c3719fb[java.nio.channels.SocketChannel[connected local=/127.0.0.1:60922 remote=/127.0.0.1:60923]] on ManagedSelector@2720cb44{STARTED} id=1 keys=0 selected=0 updates=0
18:29:58.560 [qtp1410481748-24-acceptor-0@e99fda1-ServerConnector@2875a9c7{HTTP/1.1, (http/1.1)}{0.0.0.0:60922}] DEBUG org.eclipse.jetty.io.ManagedSelector - Wakeup on submit ManagedSelector@2720cb44{STARTED} id=1 keys=0 selected=0 updates=1
18:29:58.560 [qtp1410481748-21] DEBUG org.eclipse.jetty.io.ManagedSelector - Selector sun.nio.ch.KQueueSelectorImpl@3af34f58 woken with none selected
18:29:58.560 [qtp1410481748-21] DEBUG org.eclipse.jetty.io.ManagedSelector - Selector sun.nio.ch.KQueueSelectorImpl@3af34f58 woken up from select, 0/0/0 selected
18:29:58.560 [qtp1410481748-21] DEBUG org.eclipse.jetty.io.ManagedSelector - Selector sun.nio.ch.KQueueSelectorImpl@3af34f58 processing 0 keys, 1 updates
18:29:58.560 [qtp1410481748-21] DEBUG org.eclipse.jetty.io.ManagedSelector - updateable 1
18:29:58.560 [qtp1410481748-21] DEBUG org.eclipse.jetty.io.ManagedSelector - update Accept@2c3719fb[java.nio.channels.SocketChannel[connected local=/127.0.0.1:60922 remote=/127.0.0.1:60923]]
18:29:58.560 [qtp1410481748-21] DEBUG org.eclipse.jetty.util.thread.QueuedThreadPool - queue Accept@2c3719fb[java.nio.channels.SocketChannel[connected local=/127.0.0.1:60922 remote=/127.0.0.1:60923]] startThread=0
18:29:58.560 [qtp1410481748-21] DEBUG org.eclipse.jetty.io.ManagedSelector - updates 0
18:29:58.560 [qtp1410481748-21] DEBUG org.eclipse.jetty.io.ManagedSelector - Selector sun.nio.ch.KQueueSelectorImpl@3af34f58 waiting with 1 keys
18:29:58.560 [qtp1410481748-25] DEBUG org.eclipse.jetty.util.thread.QueuedThreadPool - run Accept@2c3719fb[java.nio.channels.SocketChannel[connected local=/127.0.0.1:60922 remote=/127.0.0.1:60923]] in QueuedThreadPool[qtp1410481748]@54123e54{STARTED,8<=8<=200,i=2,r=8,q=0}[ReservedThreadExecutor@7d01969b{s=0/8,p=0}]
18:29:58.566 [qtp1410481748-25] DEBUG org.eclipse.jetty.io.IdleTimeout - SocketChannelEndPoint@57329211{l=/127.0.0.1:60922,r=/127.0.0.1:60923,OPEN,fill=-,flush=-,to=2/3600000}{io=0/0,kio=0,kro=0}-><null> idle timeout check, elapsed: 2 ms, remaining: 3599998 ms
18:29:58.570 [qtp1410481748-25] DEBUG org.eclipse.jetty.http.PreEncodedHttpField - HttpField encoders loaded: [org.eclipse.jetty.http.Http1FieldPreEncoder@2b85e4e6]
18:29:58.624 [qtp1410481748-25] DEBUG org.eclipse.jetty.server.HttpChannel - new HttpChannelOverHttp@2c8fafaa{s=HttpChannelState@16fcd55c{s=IDLE rs=BLOCKING os=OPEN is=IDLE awp=false se=false i=true al=0},r=0,c=false/false,a=IDLE,uri=null,age=0} -> SocketChannelEndPoint@57329211{l=/127.0.0.1:60922,r=/127.0.0.1:60923,OPEN,fill=-,flush=-,to=61/3600000}{io=0/0,kio=0,kro=0}-><null>,null,HttpChannelState@16fcd55c{s=IDLE rs=BLOCKING os=OPEN is=IDLE awp=false se=false i=true al=0}
18:29:58.630 [qtp1410481748-25] DEBUG org.eclipse.jetty.server.HttpConnection - New HTTP Connection HttpConnection@6e2f72ca::SocketChannelEndPoint@57329211{l=/127.0.0.1:60922,r=/127.0.0.1:60923,OPEN,fill=-,flush=-,to=67/3600000}{io=0/0,kio=0,kro=0}-><null>
18:29:58.631 [qtp1410481748-25] DEBUG org.eclipse.jetty.io.ManagedSelector - Queued change lazy=true org.eclipse.jetty.io.ManagedSelector$$Lambda$323/0x000000700115b1d8@7848b5b8 on ManagedSelector@2720cb44{STARTED} id=1 keys=1 selected=0 updates=0
18:29:58.631 [qtp1410481748-25] DEBUG org.eclipse.jetty.io.AbstractEndPoint - onOpen SocketChannelEndPoint@57329211{l=/127.0.0.1:60922,r=/127.0.0.1:60923,OPEN,fill=-,flush=-,to=68/3600000}{io=0/0,kio=0,kro=0}->HttpConnection@6e2f72ca[p=HttpParser{s=START,0 of -1},g=HttpGenerator@2c449f9a{s=START}]=>HttpChannelOverHttp@2c8fafaa{s=HttpChannelState@16fcd55c{s=IDLE rs=BLOCKING os=OPEN is=IDLE awp=false se=false i=true al=0},r=0,c=false/false,a=IDLE,uri=null,age=0}
18:29:58.631 [qtp1410481748-25] DEBUG org.eclipse.jetty.io.AbstractConnection - onOpen HttpConnection@6e2f72ca::SocketChannelEndPoint@57329211{l=/127.0.0.1:60922,r=/127.0.0.1:60923,OPEN,fill=-,flush=-,to=68/3600000}{io=0/0,kio=0,kro=0}->HttpConnection@6e2f72ca[p=HttpParser{s=START,0 of -1},g=HttpGenerator@2c449f9a{s=START}]=>HttpChannelOverHttp@2c8fafaa{s=HttpChannelState@16fcd55c{s=IDLE rs=BLOCKING os=OPEN is=IDLE awp=false se=false i=true al=0},r=0,c=false/false,a=IDLE,uri=null,age=0}
18:29:58.632 [qtp1410481748-25] DEBUG org.eclipse.jetty.io.AbstractConnection - fillInterested HttpConnection@6e2f72ca::SocketChannelEndPoint@57329211{l=/127.0.0.1:60922,r=/127.0.0.1:60923,OPEN,fill=-,flush=-,to=68/3600000}{io=0/0,kio=0,kro=0}->HttpConnection@6e2f72ca[p=HttpParser{s=START,0 of -1},g=HttpGenerator@2c449f9a{s=START}]=>HttpChannelOverHttp@2c8fafaa{s=HttpChannelState@16fcd55c{s=IDLE rs=BLOCKING os=OPEN is=IDLE awp=false se=false i=true al=0},r=0,c=false/false,a=IDLE,uri=null,age=0}
18:29:58.632 [qtp1410481748-25] DEBUG org.eclipse.jetty.io.FillInterest - interested FillInterest@4c8a18ec{AC.ReadCB@6e2f72ca{HttpConnection@6e2f72ca::SocketChannelEndPoint@57329211{l=/127.0.0.1:60922,r=/127.0.0.1:60923,OPEN,fill=FI,flush=-,to=0/3600000}{io=0/0,kio=0,kro=0}->HttpConnection@6e2f72ca[p=HttpParser{s=START,0 of -1},g=HttpGenerator@2c449f9a{s=START}]=>HttpChannelOverHttp@2c8fafaa{s=HttpChannelState@16fcd55c{s=IDLE rs=BLOCKING os=OPEN is=IDLE awp=false se=false i=true al=0},r=0,c=false/false,a=IDLE,uri=null,age=0}}}
18:29:58.632 [qtp1410481748-25] DEBUG org.eclipse.jetty.io.ChannelEndPoint - changeInterests p=false 0->1 for SocketChannelEndPoint@57329211{l=/127.0.0.1:60922,r=/127.0.0.1:60923,OPEN,fill=FI,flush=-,to=0/3600000}{io=0/1,kio=0,kro=0}->HttpConnection@6e2f72ca[p=HttpParser{s=START,0 of -1},g=HttpGenerator@2c449f9a{s=START}]=>HttpChannelOverHttp@2c8fafaa{s=HttpChannelState@16fcd55c{s=IDLE rs=BLOCKING os=OPEN is=IDLE awp=false se=false i=true al=0},r=0,c=false/false,a=IDLE,uri=null,age=0}
18:29:58.632 [qtp1410481748-25] DEBUG org.eclipse.jetty.io.ManagedSelector - Queued change lazy=false org.eclipse.jetty.io.ChannelEndPoint$$Lambda$316/0x000000700114c870@bd3952 on ManagedSelector@2720cb44{STARTED} id=1 keys=1 selected=0 updates=1
18:29:58.632 [qtp1410481748-25] DEBUG org.eclipse.jetty.io.ManagedSelector - Wakeup on submit ManagedSelector@2720cb44{STARTED} id=1 keys=1 selected=0 updates=2
18:29:58.632 [qtp1410481748-25] DEBUG org.eclipse.jetty.io.ManagedSelector - Created SocketChannelEndPoint@57329211{l=/127.0.0.1:60922,r=/127.0.0.1:60923,OPEN,fill=FI,flush=-,to=0/3600000}{io=0/1,kio=0,kro=0}->HttpConnection@6e2f72ca[p=HttpParser{s=START,0 of -1},g=HttpGenerator@2c449f9a{s=START}]=>HttpChannelOverHttp@2c8fafaa{s=HttpChannelState@16fcd55c{s=IDLE rs=BLOCKING os=OPEN is=IDLE awp=false se=false i=true al=0},r=0,c=false/false,a=IDLE,uri=null,age=0}
18:29:58.632 [qtp1410481748-25] DEBUG org.eclipse.jetty.util.thread.QueuedThreadPool - ran Accept@2c3719fb[java.nio.channels.SocketChannel[connected local=/127.0.0.1:60922 remote=/127.0.0.1:60923]] in QueuedThreadPool[qtp1410481748]@54123e54{STARTED,8<=8<=200,i=2,r=8,q=0}[ReservedThreadExecutor@7d01969b{s=0/8,p=0}]
18:29:58.633 [qtp1410481748-21] DEBUG org.eclipse.jetty.io.ManagedSelector - Selector sun.nio.ch.KQueueSelectorImpl@3af34f58 woken with none selected
18:29:58.633 [qtp1410481748-21] DEBUG org.eclipse.jetty.io.ManagedSelector - Selector sun.nio.ch.KQueueSelectorImpl@3af34f58 woken up from select, 0/0/1 selected
18:29:58.633 [qtp1410481748-21] DEBUG org.eclipse.jetty.io.ManagedSelector - Selector sun.nio.ch.KQueueSelectorImpl@3af34f58 processing 0 keys, 2 updates
18:29:58.633 [qtp1410481748-21] DEBUG org.eclipse.jetty.io.ManagedSelector - updateable 2
18:29:58.633 [qtp1410481748-21] DEBUG org.eclipse.jetty.io.ManagedSelector - update org.eclipse.jetty.io.ManagedSelector$$Lambda$323/0x000000700115b1d8@7848b5b8
18:29:58.633 [qtp1410481748-21] DEBUG org.eclipse.jetty.io.ManagedSelector - update org.eclipse.jetty.io.ChannelEndPoint$$Lambda$316/0x000000700114c870@bd3952
18:29:58.633 [qtp1410481748-21] DEBUG org.eclipse.jetty.io.ChannelEndPoint - Key interests updated 0 -> 1 on SocketChannelEndPoint@57329211{l=/127.0.0.1:60922,r=/127.0.0.1:60923,OPEN,fill=FI,flush=-,to=1/3600000}{io=1/1,kio=1,kro=0}->HttpConnection@6e2f72ca[p=HttpParser{s=START,0 of -1},g=HttpGenerator@2c449f9a{s=START}]=>HttpChannelOverHttp@2c8fafaa{s=HttpChannelState@16fcd55c{s=IDLE rs=BLOCKING os=OPEN is=IDLE awp=false se=false i=true al=0},r=0,c=false/false,a=IDLE,uri=null,age=0}
18:29:58.633 [qtp1410481748-21] DEBUG org.eclipse.jetty.io.ManagedSelector - updates 0
18:29:58.633 [qtp1410481748-21] DEBUG org.eclipse.jetty.io.ManagedSelector - Selector sun.nio.ch.KQueueSelectorImpl@3af34f58 waiting with 1 keys
18:29:58.633 [qtp1410481748-21] DEBUG org.eclipse.jetty.io.ManagedSelector - Selector sun.nio.ch.KQueueSelectorImpl@3af34f58 woken up from select, 1/1/1 selected
18:29:58.633 [qtp1410481748-21] DEBUG org.eclipse.jetty.io.ManagedSelector - Selector sun.nio.ch.KQueueSelectorImpl@3af34f58 processing 1 keys, 0 updates
18:29:58.633 [qtp1410481748-21] DEBUG org.eclipse.jetty.io.ManagedSelector - selected 1 channel=java.nio.channels.SocketChannel[connected local=/127.0.0.1:60922 remote=/127.0.0.1:60923], selector=sun.nio.ch.KQueueSelectorImpl@3af34f58, interestOps=1, readyOps=1 SocketChannelEndPoint@57329211{l=/127.0.0.1:60922,r=/127.0.0.1:60923,OPEN,fill=FI,flush=-,to=1/3600000}{io=1/1,kio=1,kro=1}->HttpConnection@6e2f72ca[p=HttpParser{s=START,0 of -1},g=HttpGenerator@2c449f9a{s=START}]=>HttpChannelOverHttp@2c8fafaa{s=HttpChannelState@16fcd55c{s=IDLE rs=BLOCKING os=OPEN is=IDLE awp=false se=false i=true al=0},r=0,c=false/false,a=IDLE,uri=null,age=0} 
18:29:58.634 [qtp1410481748-21] DEBUG org.eclipse.jetty.io.ChannelEndPoint - onSelected 1->0 r=true w=false for SocketChannelEndPoint@57329211{l=/127.0.0.1:60922,r=/127.0.0.1:60923,OPEN,fill=FI,flush=-,to=1/3600000}{io=1/0,kio=1,kro=1}->HttpConnection@6e2f72ca[p=HttpParser{s=START,0 of -1},g=HttpGenerator@2c449f9a{s=START}]=>HttpChannelOverHttp@2c8fafaa{s=HttpChannelState@16fcd55c{s=IDLE rs=BLOCKING os=OPEN is=IDLE awp=false se=false i=true al=0},r=0,c=false/false,a=IDLE,uri=null,age=0}
18:29:58.634 [qtp1410481748-21] DEBUG org.eclipse.jetty.io.ChannelEndPoint - task CEP:SocketChannelEndPoint@57329211{l=/127.0.0.1:60922,r=/127.0.0.1:60923,OPEN,fill=FI,flush=-,to=1/3600000}{io=1/0,kio=1,kro=1}->HttpConnection@6e2f72ca[p=HttpParser{s=START,0 of -1},g=HttpGenerator@2c449f9a{s=START}]=>HttpChannelOverHttp@2c8fafaa{s=HttpChannelState@16fcd55c{s=IDLE rs=BLOCKING os=OPEN is=IDLE awp=false se=false i=true al=0},r=0,c=false/false,a=IDLE,uri=null,age=0}:runFillable:BLOCKING
18:29:58.634 [qtp1410481748-21] DEBUG org.eclipse.jetty.util.thread.ReservedThreadExecutor - ReservedThreadExecutor@7d01969b{s=0/8,p=0} tryExecute EatWhatYouKill@731c96a0/SelectorProducer@7df3b95/PRODUCING/p=false/QueuedThreadPool[qtp1410481748]@54123e54{STARTED,8<=8<=200,i=3,r=8,q=0}[ReservedThreadExecutor@7d01969b{s=0/8,p=0}][pc=0,pic=0,pec=0,epc=0]@2023-11-11T18:29:58.634238-05:00
18:29:58.634 [qtp1410481748-21] DEBUG org.eclipse.jetty.util.thread.ReservedThreadExecutor - ReservedThreadExecutor@7d01969b{s=0/8,p=1} startReservedThread p=1
18:29:58.635 [qtp1410481748-21] DEBUG org.eclipse.jetty.util.thread.QueuedThreadPool - queue ReservedThreadExecutor@7d01969b{s=0/8,p=1}@291dfdcb startThread=0
18:29:58.635 [qtp1410481748-26] DEBUG org.eclipse.jetty.util.thread.QueuedThreadPool - run ReservedThreadExecutor@7d01969b{s=0/8,p=1}@291dfdcb in QueuedThreadPool[qtp1410481748]@54123e54{STARTED,8<=8<=200,i=2,r=8,q=0}[ReservedThreadExecutor@7d01969b{s=0/8,p=1}]
18:29:58.635 [qtp1410481748-26] DEBUG org.eclipse.jetty.util.thread.ReservedThreadExecutor - ReservedThreadExecutor@7d01969b{s=1/8,p=1}@291dfdcb started
18:29:58.636 [qtp1410481748-26] DEBUG org.eclipse.jetty.util.thread.ReservedThreadExecutor - ReservedThreadExecutor@7d01969b{s=1/8,p=0}@291dfdcb waiting
18:29:58.636 [qtp1410481748-21] DEBUG org.eclipse.jetty.util.thread.strategy.EatWhatYouKill - EatWhatYouKill@731c96a0/SelectorProducer@7df3b95/PRODUCING/p=false/QueuedThreadPool[qtp1410481748]@54123e54{STARTED,8<=8<=200,i=2,r=8,q=0}[ReservedThreadExecutor@7d01969b{s=0/8,p=1}][pc=0,pic=0,pec=0,epc=0]@2023-11-11T18:29:58.635775-05:00 m=PRODUCE_EXECUTE_CONSUME t=CEP:SocketChannelEndPoint@57329211{l=/127.0.0.1:60922,r=/127.0.0.1:60923,OPEN,fill=FI,flush=-,to=3/3600000}{io=1/0,kio=1,kro=1}->HttpConnection@6e2f72ca[p=HttpParser{s=START,0 of -1},g=HttpGenerator@2c449f9a{s=START}]=>HttpChannelOverHttp@2c8fafaa{s=HttpChannelState@16fcd55c{s=IDLE rs=BLOCKING os=OPEN is=IDLE awp=false se=false i=true al=0},r=0,c=false/false,a=IDLE,uri=null,age=0}:runFillable:BLOCKING/BLOCKING
18:29:58.636 [qtp1410481748-21] DEBUG org.eclipse.jetty.util.thread.QueuedThreadPool - queue CEP:SocketChannelEndPoint@57329211{l=/127.0.0.1:60922,r=/127.0.0.1:60923,OPEN,fill=FI,flush=-,to=4/3600000}{io=1/0,kio=1,kro=1}->HttpConnection@6e2f72ca[p=HttpParser{s=START,0 of -1},g=HttpGenerator@2c449f9a{s=START}]=>HttpChannelOverHttp@2c8fafaa{s=HttpChannelState@16fcd55c{s=IDLE rs=BLOCKING os=OPEN is=IDLE awp=false se=false i=true al=0},r=0,c=false/false,a=IDLE,uri=null,age=0}:runFillable:BLOCKING startThread=0
18:29:58.636 [qtp1410481748-27] DEBUG org.eclipse.jetty.util.thread.QueuedThreadPool - run CEP:SocketChannelEndPoint@57329211{l=/127.0.0.1:60922,r=/127.0.0.1:60923,OPEN,fill=FI,flush=-,to=4/3600000}{io=1/0,kio=1,kro=1}->HttpConnection@6e2f72ca[p=HttpParser{s=START,0 of -1},g=HttpGenerator@2c449f9a{s=START}]=>HttpChannelOverHttp@2c8fafaa{s=HttpChannelState@16fcd55c{s=IDLE rs=BLOCKING os=OPEN is=IDLE awp=false se=false i=true al=0},r=0,c=false/false,a=IDLE,uri=null,age=0}:runFillable:BLOCKING in QueuedThreadPool[qtp1410481748]@54123e54{STARTED,8<=8<=200,i=1,r=8,q=0}[ReservedThreadExecutor@7d01969b{s=1/8,p=0}]
18:29:58.636 [qtp1410481748-21] DEBUG org.eclipse.jetty.io.ManagedSelector - updateable 0
18:29:58.636 [qtp1410481748-21] DEBUG org.eclipse.jetty.io.ManagedSelector - updates 0
18:29:58.636 [qtp1410481748-27] DEBUG org.eclipse.jetty.io.FillInterest - fillable FillInterest@4c8a18ec{AC.ReadCB@6e2f72ca{HttpConnection@6e2f72ca::SocketChannelEndPoint@57329211{l=/127.0.0.1:60922,r=/127.0.0.1:60923,OPEN,fill=FI,flush=-,to=4/3600000}{io=1/0,kio=1,kro=1}->HttpConnection@6e2f72ca[p=HttpParser{s=START,0 of -1},g=HttpGenerator@2c449f9a{s=START}]=>HttpChannelOverHttp@2c8fafaa{s=HttpChannelState@16fcd55c{s=IDLE rs=BLOCKING os=OPEN is=IDLE awp=false se=false i=true al=0},r=0,c=false/false,a=IDLE,uri=null,age=0}}}
18:29:58.636 [qtp1410481748-21] DEBUG org.eclipse.jetty.io.ChannelEndPoint - Key interests updated 1 -> 0 on SocketChannelEndPoint@57329211{l=/127.0.0.1:60922,r=/127.0.0.1:60923,OPEN,fill=FI,flush=-,to=4/3600000}{io=0/0,kio=0,kro=1}->HttpConnection@6e2f72ca[p=HttpParser{s=START,0 of -1},g=HttpGenerator@2c449f9a{s=START}]=>HttpChannelOverHttp@2c8fafaa{s=HttpChannelState@16fcd55c{s=IDLE rs=BLOCKING os=OPEN is=IDLE awp=false se=false i=true al=0},r=0,c=false/false,a=IDLE,uri=null,age=0}
18:29:58.637 [qtp1410481748-21] DEBUG org.eclipse.jetty.io.ManagedSelector - Selector sun.nio.ch.KQueueSelectorImpl@3af34f58 waiting with 1 keys
18:29:58.637 [qtp1410481748-27] DEBUG org.eclipse.jetty.server.HttpConnection - HttpConnection@6e2f72ca::SocketChannelEndPoint@57329211{l=/127.0.0.1:60922,r=/127.0.0.1:60923,OPEN,fill=-,flush=-,to=4/3600000}{io=0/0,kio=0,kro=1}->HttpConnection@6e2f72ca[p=HttpParser{s=START,0 of -1},g=HttpGenerator@2c449f9a{s=START}]=>HttpChannelOverHttp@2c8fafaa{s=HttpChannelState@16fcd55c{s=IDLE rs=BLOCKING os=OPEN is=IDLE awp=false se=false i=true al=0},r=0,c=false/false,a=IDLE,uri=null,age=0} onFillable enter HttpChannelState@16fcd55c{s=IDLE rs=BLOCKING os=OPEN is=IDLE awp=false se=false i=true al=0} null
18:29:58.643 [qtp1410481748-27] DEBUG org.eclipse.jetty.io.ChannelEndPoint - filled 200 HeapByteBuffer@3bc38645[p=0,l=200,c=8192,r=200]={<<<GET /broadband?state=Cali...nection: keep-alive\r\n\r\n>>>\x00\x00\x00\x00\x00\x00\x00\x00\x00...\x00\x00\x00\x00\x00\x00\x00}
18:29:58.643 [qtp1410481748-27] DEBUG org.eclipse.jetty.server.HttpConnection - HttpConnection@6e2f72ca::SocketChannelEndPoint@57329211{l=/127.0.0.1:60922,r=/127.0.0.1:60923,OPEN,fill=-,flush=-,to=4/3600000}{io=0/0,kio=0,kro=1}->HttpConnection@6e2f72ca[p=HttpParser{s=START,0 of -1},g=HttpGenerator@2c449f9a{s=START}]=>HttpChannelOverHttp@2c8fafaa{s=HttpChannelState@16fcd55c{s=IDLE rs=BLOCKING os=OPEN is=IDLE awp=false se=false i=true al=0},r=0,c=false/false,a=IDLE,uri=null,age=0} filled 200 HeapByteBuffer@3bc38645[p=0,l=200,c=8192,r=200]={<<<GET /broadband?state=Cali...nection: keep-alive\r\n\r\n>>>\x00\x00\x00\x00\x00\x00\x00\x00\x00...\x00\x00\x00\x00\x00\x00\x00}
18:29:58.643 [qtp1410481748-27] DEBUG org.eclipse.jetty.server.HttpConnection - HttpConnection@6e2f72ca::SocketChannelEndPoint@57329211{l=/127.0.0.1:60922,r=/127.0.0.1:60923,OPEN,fill=-,flush=-,to=4/3600000}{io=0/0,kio=0,kro=1}->HttpConnection@6e2f72ca[p=HttpParser{s=START,0 of -1},g=HttpGenerator@2c449f9a{s=START}]=>HttpChannelOverHttp@2c8fafaa{s=HttpChannelState@16fcd55c{s=IDLE rs=BLOCKING os=OPEN is=IDLE awp=false se=false i=true al=0},r=0,c=false/false,a=IDLE,uri=null,age=0} parse HeapByteBuffer@3bc38645[p=0,l=200,c=8192,r=200]={<<<GET /broadband?state=Cali...nection: keep-alive\r\n\r\n>>>\x00\x00\x00\x00\x00\x00\x00\x00\x00...\x00\x00\x00\x00\x00\x00\x00} {}
18:29:58.644 [qtp1410481748-27] DEBUG org.eclipse.jetty.http.HttpParser - parseNext s=START HeapByteBuffer@3bc38645[p=0,l=200,c=8192,r=200]={<<<GET /broadband?state=Cali...nection: keep-alive\r\n\r\n>>>\x00\x00\x00\x00\x00\x00\x00\x00\x00...\x00\x00\x00\x00\x00\x00\x00}
18:29:58.644 [qtp1410481748-27] DEBUG org.eclipse.jetty.http.HttpParser - START --> SPACE1
18:29:58.647 [qtp1410481748-27] DEBUG org.eclipse.jetty.http.HttpParser - SPACE1 --> URI
18:29:58.647 [qtp1410481748-27] DEBUG org.eclipse.jetty.http.HttpParser - URI --> SPACE2
18:29:58.647 [qtp1410481748-27] DEBUG org.eclipse.jetty.http.HttpParser - SPACE2 --> REQUEST_VERSION
18:29:58.648 [qtp1410481748-27] DEBUG org.eclipse.jetty.http.HttpParser - REQUEST_VERSION --> HEADER
18:29:58.650 [qtp1410481748-27] DEBUG org.eclipse.jetty.http.HttpParser - HEADER:Content-Type: application/json --> IN_VALUE
18:29:58.650 [qtp1410481748-27] DEBUG org.eclipse.jetty.http.HttpParser - HEADER:Content-Type: application/json --> FIELD
18:29:58.651 [qtp1410481748-27] DEBUG org.eclipse.jetty.http.HttpParser - HEADER:Accept --> VALUE
18:29:58.651 [qtp1410481748-27] DEBUG org.eclipse.jetty.http.HttpParser - HEADER:Accept --> IN_VALUE
18:29:58.651 [qtp1410481748-27] DEBUG org.eclipse.jetty.http.HttpParser - HEADER:Accept --> FIELD
18:29:58.651 [qtp1410481748-27] DEBUG org.eclipse.jetty.http.HttpParser - HEADER:User-Agent --> VALUE
18:29:58.651 [qtp1410481748-27] DEBUG org.eclipse.jetty.http.HttpParser - HEADER:User-Agent --> IN_VALUE
18:29:58.651 [qtp1410481748-27] DEBUG org.eclipse.jetty.http.HttpParser - HEADER:User-Agent --> FIELD
18:29:58.651 [qtp1410481748-27] DEBUG org.eclipse.jetty.http.HttpParser - HEADER:Host --> VALUE
18:29:58.651 [qtp1410481748-27] DEBUG org.eclipse.jetty.http.HttpParser - HEADER:Host --> IN_VALUE
18:29:58.651 [qtp1410481748-27] DEBUG org.eclipse.jetty.http.HttpParser - HEADER:Host --> FIELD
18:29:58.652 [qtp1410481748-27] DEBUG org.eclipse.jetty.http.HttpParser - HEADER:Connection: keep-alive --> IN_VALUE
18:29:58.652 [qtp1410481748-27] DEBUG org.eclipse.jetty.http.HttpParser - HEADER:Connection: keep-alive --> FIELD
18:29:58.653 [qtp1410481748-27] DEBUG org.eclipse.jetty.http.HttpParser - HEADER --> CONTENT
18:29:58.657 [qtp1410481748-27] DEBUG org.eclipse.jetty.server.HttpChannel - REQUEST for //localhost:60922/broadband?state=California&county=Alameda%20County on HttpChannelOverHttp@2c8fafaa{s=HttpChannelState@16fcd55c{s=IDLE rs=BLOCKING os=OPEN is=IDLE awp=false se=false i=true al=0},r=1,c=false/false,a=IDLE,uri=//localhost:60922/broadband?state=California&county=Alameda%20County,age=3}
GET //localhost:60922/broadband?state=California&county=Alameda%20County HTTP/1.1
Content-Type: application/json
Accept: application/json
User-Agent: Java/17.0.8.1
Host: localhost:60922
Connection: keep-alive


18:29:58.657 [qtp1410481748-27] DEBUG org.eclipse.jetty.server.HttpConnection - HttpConnection@6e2f72ca::SocketChannelEndPoint@57329211{l=/127.0.0.1:60922,r=/127.0.0.1:60923,OPEN,fill=-,flush=-,to=18/3600000}{io=0/0,kio=0,kro=1}->HttpConnection@6e2f72ca[p=HttpParser{s=CONTENT,0 of -1},g=HttpGenerator@2c449f9a{s=START}]=>HttpChannelOverHttp@2c8fafaa{s=HttpChannelState@16fcd55c{s=IDLE rs=BLOCKING os=OPEN is=IDLE awp=false se=false i=true al=0},r=1,c=false/false,a=IDLE,uri=//localhost:60922/broadband?state=California&county=Alameda%20County,age=4} parsed true HttpParser{s=CONTENT,0 of -1}
18:29:58.657 [qtp1410481748-27] DEBUG org.eclipse.jetty.server.HttpConnection - releaseRequestBuffer HttpConnection@6e2f72ca::SocketChannelEndPoint@57329211{l=/127.0.0.1:60922,r=/127.0.0.1:60923,OPEN,fill=-,flush=-,to=18/3600000}{io=0/0,kio=0,kro=1}->HttpConnection@6e2f72ca[p=HttpParser{s=CONTENT,0 of -1},g=HttpGenerator@2c449f9a{s=START}]=>HttpChannelOverHttp@2c8fafaa{s=HttpChannelState@16fcd55c{s=IDLE rs=BLOCKING os=OPEN is=IDLE awp=false se=false i=true al=0},r=1,c=false/false,a=IDLE,uri=//localhost:60922/broadband?state=California&county=Alameda%20County,age=4}
18:29:58.659 [qtp1410481748-27] DEBUG org.eclipse.jetty.server.HttpChannel - handle //localhost:60922/broadband?state=California&county=Alameda%20County HttpChannelOverHttp@2c8fafaa{s=HttpChannelState@16fcd55c{s=IDLE rs=BLOCKING os=OPEN is=IDLE awp=false se=false i=true al=0},r=1,c=false/false,a=IDLE,uri=//localhost:60922/broadband?state=California&county=Alameda%20County,age=5} 
18:29:58.659 [qtp1410481748-27] DEBUG org.eclipse.jetty.server.HttpChannelState - handling HttpChannelState@16fcd55c{s=IDLE rs=BLOCKING os=OPEN is=IDLE awp=false se=false i=true al=0}
18:29:58.660 [qtp1410481748-27] DEBUG org.eclipse.jetty.server.HttpChannel - action DISPATCH HttpChannelOverHttp@2c8fafaa{s=HttpChannelState@16fcd55c{s=HANDLING rs=BLOCKING os=OPEN is=IDLE awp=false se=false i=true al=0},r=1,c=false/false,a=HANDLING,uri=//localhost:60922/broadband?state=California&county=Alameda%20County,age=7}
18:29:58.661 [qtp1410481748-27] DEBUG org.eclipse.jetty.server.Server - REQUEST GET /broadband on HttpChannelOverHttp@2c8fafaa{s=HttpChannelState@16fcd55c{s=HANDLING rs=BLOCKING os=OPEN is=IDLE awp=false se=false i=true al=0},r=1,c=false/false,a=HANDLING,uri=//localhost:60922/broadband?state=California&county=Alameda%20County,age=8}
18:29:58.661 [qtp1410481748-27] DEBUG org.eclipse.jetty.server.session - Entering scope spark.embeddedserver.jetty.JettyHandler837180053==dftMaxIdleSec=-1, dispatch=REQUEST asyncstarted=false
18:29:58.662 [qtp1410481748-27] DEBUG org.eclipse.jetty.server.session - sessionHandler=spark.embeddedserver.jetty.JettyHandler837180053==dftMaxIdleSec=-1 session=null
18:29:58.687 [qtp1410481748-27] DEBUG org.eclipse.jetty.server.HttpOutput - write(array HeapByteBuffer@106daac1[p=0,l=220,c=220,r=220]={<<<{"result":"success","data...me query":"California"}>>>})
18:29:58.688 [qtp1410481748-27] DEBUG org.eclipse.jetty.server.HttpOutput - write(array) s=OPEN,api=BLOCKING,sc=false,e=null aggregated !flush DirectByteBuffer@2f4e2ced[p=0,l=220,c=32768,r=220]={<<<{"result":"success","data...me query":"California"}>>>\x00\x00\x00\x00\x00\x00\x00\x00\x00...\x00\x00\x00\x00\x00\x00\x00}
18:29:58.688 [qtp1410481748-27] DEBUG org.eclipse.jetty.server.HttpChannel - sendResponse info=null content=DirectByteBuffer@2f4e2ced[p=0,l=220,c=32768,r=220]={<<<{"result":"success","data...me query":"California"}>>>\x00\x00\x00\x00\x00\x00\x00\x00\x00...\x00\x00\x00\x00\x00\x00\x00} complete=false committing=true callback=Blocker@7f8e033f{null}
18:29:58.689 [qtp1410481748-27] DEBUG org.eclipse.jetty.server.HttpChannel - COMMIT for /broadband on HttpChannelOverHttp@2c8fafaa{s=HttpChannelState@16fcd55c{s=HANDLING rs=BLOCKING os=COMMITTED is=IDLE awp=false se=false i=true al=0},r=1,c=false/false,a=HANDLING,uri=//localhost:60922/broadband?state=California&county=Alameda%20County,age=36}
200 null HTTP/1.1
Date: Sat, 11 Nov 2023 23:29:58 GMT
Content-Type: text/html;charset=utf-8


18:29:58.691 [qtp1410481748-27] DEBUG org.eclipse.jetty.server.HttpConnection - generate: NEED_HEADER for org.eclipse.jetty.server.HttpConnection$SendCallback@2f951df9[PROCESSING][i=HTTP/1.1{s=200,h=2,cl=-1},cb=org.eclipse.jetty.server.HttpChannel$SendCallback@2e24dac2] (null,[p=0,l=220,c=32768,r=220],false)@START
18:29:58.693 [qtp1410481748-27] DEBUG org.eclipse.jetty.http.HttpGenerator - generateHeaders HTTP/1.1{s=200,h=2,cl=-1} last=false content=DirectByteBuffer@2f4e2ced[p=0,l=220,c=32768,r=220]={<<<{"result":"success","data...me query":"California"}>>>\x00\x00\x00\x00\x00\x00\x00\x00\x00...\x00\x00\x00\x00\x00\x00\x00}
18:29:58.693 [qtp1410481748-27] DEBUG org.eclipse.jetty.http.HttpGenerator - Date: Sat, 11 Nov 2023 23:29:58 GMT
Content-Type: text/html;charset=utf-8


18:29:58.693 [qtp1410481748-27] DEBUG org.eclipse.jetty.http.HttpGenerator - CHUNKED_CONTENT
18:29:58.693 [qtp1410481748-27] DEBUG org.eclipse.jetty.server.HttpConnection - generate: FLUSH for org.eclipse.jetty.server.HttpConnection$SendCallback@2f951df9[PROCESSING][i=HTTP/1.1{s=200,h=2,cl=-1},cb=org.eclipse.jetty.server.HttpChannel$SendCallback@2e24dac2] ([p=0,l=160,c=8192,r=160],[p=0,l=220,c=32768,r=220],false)@COMMITTED
18:29:58.693 [qtp1410481748-27] DEBUG org.eclipse.jetty.io.WriteFlusher - write: WriteFlusher@4899d0{IDLE}->null [HeapByteBuffer@3bc38645[p=0,l=160,c=8192,r=160]={<<<HTTP/1.1 200 OK\r\nDate: Sa...4.31.v20200723)\r\n\r\nDC\r\n>>>alhost:60...\x00\x00\x00\x00\x00\x00\x00},DirectByteBuffer@2f4e2ced[p=0,l=220,c=32768,r=220]={<<<{"result":"success","data...me query":"California"}>>>\x00\x00\x00\x00\x00\x00\x00\x00\x00...\x00\x00\x00\x00\x00\x00\x00}]
18:29:58.693 [qtp1410481748-27] DEBUG org.eclipse.jetty.io.WriteFlusher - update WriteFlusher@4899d0{WRITING}->null:IDLE-->WRITING
18:29:58.707 [qtp1410481748-27] DEBUG org.eclipse.jetty.io.ChannelEndPoint - flushed 380 SocketChannelEndPoint@57329211{l=/127.0.0.1:60922,r=/127.0.0.1:60923,OPEN,fill=-,flush=W,to=68/3600000}{io=0/0,kio=0,kro=1}->HttpConnection@6e2f72ca[p=HttpParser{s=CONTENT,0 of -1},g=HttpGenerator@2c449f9a{s=COMMITTED}]=>HttpChannelOverHttp@2c8fafaa{s=HttpChannelState@16fcd55c{s=HANDLING rs=BLOCKING os=COMMITTED is=IDLE awp=false se=false i=true al=0},r=1,c=false/false,a=HANDLING,uri=//localhost:60922/broadband?state=California&county=Alameda%20County,age=54}
18:29:58.707 [qtp1410481748-27] DEBUG org.eclipse.jetty.io.WriteFlusher - Flushed=true written=380 remaining=0 WriteFlusher@4899d0{WRITING}->null
18:29:58.707 [qtp1410481748-27] DEBUG org.eclipse.jetty.io.WriteFlusher - update WriteFlusher@4899d0{IDLE}->null:WRITING-->IDLE
18:29:58.707 [qtp1410481748-27] DEBUG org.eclipse.jetty.server.HttpConnection - generate: DONE for org.eclipse.jetty.server.HttpConnection$SendCallback@2f951df9[PROCESSING][i=HTTP/1.1{s=200,h=2,cl=-1},cb=org.eclipse.jetty.server.HttpChannel$SendCallback@2e24dac2] ([p=160,l=160,c=8192,r=0],[p=220,l=220,c=32768,r=0],false)@COMMITTED
18:29:58.707 [qtp1410481748-27] DEBUG org.eclipse.jetty.server.HttpOutput - onWriteComplete(false,null) s=OPEN,api=BLOCKED,sc=false,e=null->s=OPEN,api=BLOCKING,sc=false,e=null c=null cb=null w=false
18:29:58.707 [qtp1410481748-27] DEBUG org.eclipse.jetty.server.HttpOutput - close() s=CLOSING,api=BLOCKED,sc=false,e=null c=HeapByteBuffer@6c675c76[p=0,l=0,c=0,r=0]={<<<>>>} b=Blocker@7f8e033f{null}
18:29:58.707 [qtp1410481748-27] DEBUG org.eclipse.jetty.server.HttpChannel - sendResponse info=null content=HeapByteBuffer@6c675c76[p=0,l=0,c=0,r=0]={<<<>>>} complete=true committing=false callback=Blocker@7f8e033f{null}
18:29:58.707 [qtp1410481748-27] DEBUG org.eclipse.jetty.server.HttpConnection - generate: CONTINUE for org.eclipse.jetty.server.HttpConnection$SendCallback@2f951df9[PROCESSING][i=null,cb=org.eclipse.jetty.server.HttpChannel$SendCallback@4283c0c7] (null,[p=0,l=0,c=0,r=0],true)@COMPLETING
18:29:58.708 [qtp1410481748-27] DEBUG org.eclipse.jetty.server.HttpConnection - generate: NEED_CHUNK for org.eclipse.jetty.server.HttpConnection$SendCallback@2f951df9[PROCESSING][i=null,cb=org.eclipse.jetty.server.HttpChannel$SendCallback@4283c0c7] (null,[p=0,l=0,c=0,r=0],true)@COMPLETING
18:29:58.708 [qtp1410481748-27] DEBUG org.eclipse.jetty.server.HttpConnection - generate: FLUSH for org.eclipse.jetty.server.HttpConnection$SendCallback@2f951df9[PROCESSING][i=null,cb=org.eclipse.jetty.server.HttpChannel$SendCallback@4283c0c7] (null,[p=0,l=0,c=0,r=0],true)@COMPLETING
18:29:58.708 [qtp1410481748-27] DEBUG org.eclipse.jetty.io.WriteFlusher - write: WriteFlusher@4899d0{IDLE}->null [HeapByteBuffer@2b11920[p=0,l=7,c=1024,r=7]={<<<\r\n0\r\n\r\n>>>\x00\x00\x00\x00\x00\x00\x00\x00\x00...\x00\x00\x00\x00\x00\x00\x00}]
18:29:58.708 [qtp1410481748-27] DEBUG org.eclipse.jetty.io.WriteFlusher - update WriteFlusher@4899d0{WRITING}->null:IDLE-->WRITING
18:29:58.708 [qtp1410481748-27] DEBUG org.eclipse.jetty.io.ChannelEndPoint - flushed 7 SocketChannelEndPoint@57329211{l=/127.0.0.1:60922,r=/127.0.0.1:60923,OPEN,fill=-,flush=W,to=0/3600000}{io=0/0,kio=0,kro=1}->HttpConnection@6e2f72ca[p=HttpParser{s=CONTENT,0 of -1},g=HttpGenerator@2c449f9a{s=COMPLETING}]=>HttpChannelOverHttp@2c8fafaa{s=HttpChannelState@16fcd55c{s=HANDLING rs=BLOCKING os=COMMITTED is=IDLE awp=false se=false i=true al=0},r=1,c=false/false,a=HANDLING,uri=//localhost:60922/broadband?state=California&county=Alameda%20County,age=55}
18:29:58.708 [qtp1410481748-27] DEBUG org.eclipse.jetty.io.WriteFlusher - Flushed=true written=7 remaining=0 WriteFlusher@4899d0{WRITING}->null
18:29:58.708 [qtp1410481748-27] DEBUG org.eclipse.jetty.io.WriteFlusher - update WriteFlusher@4899d0{IDLE}->null:WRITING-->IDLE
18:29:58.708 [qtp1410481748-27] DEBUG org.eclipse.jetty.server.HttpConnection - generate: DONE for org.eclipse.jetty.server.HttpConnection$SendCallback@2f951df9[PROCESSING][i=null,cb=org.eclipse.jetty.server.HttpChannel$SendCallback@4283c0c7] (null,[p=0,l=0,c=0,r=0],true)@END
18:29:58.708 [qtp1410481748-27] DEBUG org.eclipse.jetty.server.HttpOutput - onWriteComplete(true,null) s=CLOSING,api=BLOCKED,sc=false,e=null->s=CLOSED,api=BLOCKING,sc=false,e=null c=null cb=null w=false
18:29:58.708 [qtp1410481748-27] DEBUG org.eclipse.jetty.server.session - Leaving scope spark.embeddedserver.jetty.JettyHandler837180053==dftMaxIdleSec=-1 dispatch=REQUEST, async=false, session=null, oldsession=null, oldsessionhandler=null
18:29:58.708 [qtp1410481748-27] DEBUG org.eclipse.jetty.server.Server - handled=true async=false committed=true on HttpChannelOverHttp@2c8fafaa{s=HttpChannelState@16fcd55c{s=HANDLING rs=BLOCKING os=COMPLETED is=IDLE awp=false se=false i=true al=0},r=1,c=false/true,a=HANDLING,uri=//localhost:60922/broadband?state=California&county=Alameda%20County,age=55}
18:29:58.708 [qtp1410481748-27] DEBUG org.eclipse.jetty.server.HttpChannelState - unhandle HttpChannelState@16fcd55c{s=HANDLING rs=BLOCKING os=COMPLETED is=IDLE awp=false se=false i=true al=0}
18:29:58.708 [qtp1410481748-27] DEBUG org.eclipse.jetty.server.HttpChannelState - nextAction(false) COMPLETE HttpChannelState@16fcd55c{s=HANDLING rs=COMPLETING os=COMPLETED is=IDLE awp=false se=false i=false al=0}
18:29:58.708 [qtp1410481748-27] DEBUG org.eclipse.jetty.server.HttpChannel - action COMPLETE HttpChannelOverHttp@2c8fafaa{s=HttpChannelState@16fcd55c{s=HANDLING rs=COMPLETING os=COMPLETED is=IDLE awp=false se=false i=false al=0},r=1,c=false/true,a=HANDLING,uri=//localhost:60922/broadband?state=California&county=Alameda%20County,age=55}
18:29:58.709 [qtp1410481748-27] DEBUG org.eclipse.jetty.server.HttpOutput - complete(org.eclipse.jetty.util.Callback$3@57e36b68) s=CLOSED,api=BLOCKING,sc=false,e=null s=true e=null, c=null
18:29:58.709 [qtp1410481748-27] DEBUG org.eclipse.jetty.server.HttpChannelState - completed HttpChannelState@16fcd55c{s=HANDLING rs=COMPLETING os=COMPLETED is=IDLE awp=false se=false i=false al=0}
18:29:58.710 [qtp1410481748-27] DEBUG org.eclipse.jetty.server.HttpChannelState - unhandle HttpChannelState@16fcd55c{s=HANDLING rs=COMPLETED os=COMPLETED is=IDLE awp=false se=false i=false al=0}
18:29:58.710 [qtp1410481748-27] DEBUG org.eclipse.jetty.server.HttpChannelState - nextAction(false) TERMINATED HttpChannelState@16fcd55c{s=IDLE rs=COMPLETED os=COMPLETED is=IDLE awp=false se=false i=false al=0}
18:29:58.710 [qtp1410481748-27] DEBUG org.eclipse.jetty.server.HttpChannel - action TERMINATED HttpChannelOverHttp@2c8fafaa{s=HttpChannelState@16fcd55c{s=IDLE rs=COMPLETED os=COMPLETED is=IDLE awp=false se=false i=false al=0},r=1,c=true/true,a=IDLE,uri=//localhost:60922/broadband?state=California&county=Alameda%20County,age=57}
18:29:58.710 [qtp1410481748-27] DEBUG org.eclipse.jetty.server.HttpChannel - onCompleted for /broadband written=220
18:29:58.711 [qtp1410481748-27] DEBUG org.eclipse.jetty.server.HttpConnection - HttpConnection@6e2f72ca::SocketChannelEndPoint@57329211{l=/127.0.0.1:60922,r=/127.0.0.1:60923,OPEN,fill=-,flush=-,to=2/3600000}{io=0/0,kio=0,kro=1}->HttpConnection@6e2f72ca[p=HttpParser{s=CONTENT,0 of -1},g=HttpGenerator@2c449f9a{s=END}]=>HttpChannelOverHttp@2c8fafaa{s=HttpChannelState@16fcd55c{s=IDLE rs=COMPLETED os=COMPLETED is=IDLE awp=false se=false i=false al=0},r=1,c=true/true,a=IDLE,uri=//localhost:60922/broadband?state=California&county=Alameda%20County,age=58} parse null {}
18:29:58.711 [qtp1410481748-27] DEBUG org.eclipse.jetty.http.HttpParser - parseNext s=CONTENT HeapByteBuffer@6c675c76[p=0,l=0,c=0,r=0]={<<<>>>}
18:29:58.711 [qtp1410481748-27] DEBUG org.eclipse.jetty.http.HttpParser - CONTENT --> CONTENT_END
18:29:58.711 [qtp1410481748-27] DEBUG org.eclipse.jetty.server.HttpChannel - onContentComplete HttpChannelOverHttp@2c8fafaa{s=HttpChannelState@16fcd55c{s=IDLE rs=COMPLETED os=COMPLETED is=IDLE awp=false se=false i=false al=0},r=1,c=true/true,a=IDLE,uri=//localhost:60922/broadband?state=California&county=Alameda%20County,age=58}
18:29:58.711 [qtp1410481748-27] DEBUG org.eclipse.jetty.http.HttpParser - CONTENT_END --> END
18:29:58.711 [qtp1410481748-27] DEBUG org.eclipse.jetty.server.HttpChannel - onRequestComplete HttpChannelOverHttp@2c8fafaa{s=HttpChannelState@16fcd55c{s=IDLE rs=COMPLETED os=COMPLETED is=IDLE awp=false se=false i=false al=0},r=1,c=true/true,a=IDLE,uri=//localhost:60922/broadband?state=California&county=Alameda%20County,age=58}
18:29:58.711 [qtp1410481748-27] DEBUG org.eclipse.jetty.server.HttpInput - HttpInputOverHTTP@489af9a9[c=0,q=0,[0]=null,s=STREAM] addContent EOF
18:29:58.711 [qtp1410481748-27] DEBUG org.eclipse.jetty.server.HttpConnection - HttpConnection@6e2f72ca::SocketChannelEndPoint@57329211{l=/127.0.0.1:60922,r=/127.0.0.1:60923,OPEN,fill=-,flush=-,to=3/3600000}{io=0/0,kio=0,kro=1}->HttpConnection@6e2f72ca[p=HttpParser{s=END,0 of -1},g=HttpGenerator@2c449f9a{s=END}]=>HttpChannelOverHttp@2c8fafaa{s=HttpChannelState@16fcd55c{s=IDLE rs=COMPLETED os=COMPLETED is=IDLE awp=false se=false i=false al=0},r=1,c=true/true,a=IDLE,uri=//localhost:60922/broadband?state=California&county=Alameda%20County,age=58} parsed false HttpParser{s=END,0 of -1}
18:29:58.714 [qtp1410481748-27] DEBUG org.eclipse.jetty.server.HttpChannelState - recycle HttpChannelState@16fcd55c{s=IDLE rs=COMPLETED os=COMPLETED is=IDLE awp=false se=false i=false al=0}
18:29:58.715 [qtp1410481748-27] DEBUG org.eclipse.jetty.http.HttpParser - reset HttpParser{s=END,0 of -1}
18:29:58.715 [qtp1410481748-27] DEBUG org.eclipse.jetty.http.HttpParser - END --> START
18:29:58.715 [qtp1410481748-27] DEBUG org.eclipse.jetty.server.HttpChannel - !handle TERMINATED HttpChannelOverHttp@2c8fafaa{s=HttpChannelState@16fcd55c{s=IDLE rs=BLOCKING os=OPEN is=IDLE awp=false se=false i=true al=0},r=1,c=false/false,a=IDLE,uri=null,age=0}
18:29:58.715 [qtp1410481748-27] DEBUG org.eclipse.jetty.io.ChannelEndPoint - filled 0 HeapByteBuffer@3bc38645[p=0,l=0,c=8192,r=0]={<<<>>>HTTP/1.1 ...\x00\x00\x00\x00\x00\x00\x00}
18:29:58.715 [qtp1410481748-27] DEBUG org.eclipse.jetty.io.ChannelEndPoint - filled 0 HeapByteBuffer@3bc38645[p=0,l=0,c=8192,r=0]={<<<>>>HTTP/1.1 ...\x00\x00\x00\x00\x00\x00\x00}
18:29:58.715 [qtp1410481748-27] DEBUG org.eclipse.jetty.server.HttpConnection - HttpConnection@6e2f72ca::SocketChannelEndPoint@57329211{l=/127.0.0.1:60922,r=/127.0.0.1:60923,OPEN,fill=-,flush=-,to=7/3600000}{io=0/0,kio=0,kro=1}->HttpConnection@6e2f72ca[p=HttpParser{s=START,0 of -1},g=HttpGenerator@2c449f9a{s=START}]=>HttpChannelOverHttp@2c8fafaa{s=HttpChannelState@16fcd55c{s=IDLE rs=BLOCKING os=OPEN is=IDLE awp=false se=false i=true al=0},r=1,c=false/false,a=IDLE,uri=null,age=0} filled 0 HeapByteBuffer@3bc38645[p=0,l=0,c=8192,r=0]={<<<>>>HTTP/1.1 ...\x00\x00\x00\x00\x00\x00\x00}
18:29:58.715 [qtp1410481748-27] DEBUG org.eclipse.jetty.server.HttpConnection - HttpConnection@6e2f72ca::SocketChannelEndPoint@57329211{l=/127.0.0.1:60922,r=/127.0.0.1:60923,OPEN,fill=-,flush=-,to=7/3600000}{io=0/0,kio=0,kro=1}->HttpConnection@6e2f72ca[p=HttpParser{s=START,0 of -1},g=HttpGenerator@2c449f9a{s=START}]=>HttpChannelOverHttp@2c8fafaa{s=HttpChannelState@16fcd55c{s=IDLE rs=BLOCKING os=OPEN is=IDLE awp=false se=false i=true al=0},r=1,c=false/false,a=IDLE,uri=null,age=0} parse HeapByteBuffer@3bc38645[p=0,l=0,c=8192,r=0]={<<<>>>HTTP/1.1 ...\x00\x00\x00\x00\x00\x00\x00} {}
18:29:58.715 [qtp1410481748-27] DEBUG org.eclipse.jetty.http.HttpParser - parseNext s=START HeapByteBuffer@3bc38645[p=0,l=0,c=8192,r=0]={<<<>>>HTTP/1.1 ...\x00\x00\x00\x00\x00\x00\x00}
18:29:58.715 [qtp1410481748-27] DEBUG org.eclipse.jetty.server.HttpConnection - HttpConnection@6e2f72ca::SocketChannelEndPoint@57329211{l=/127.0.0.1:60922,r=/127.0.0.1:60923,OPEN,fill=-,flush=-,to=7/3600000}{io=0/0,kio=0,kro=1}->HttpConnection@6e2f72ca[p=HttpParser{s=START,0 of -1},g=HttpGenerator@2c449f9a{s=START}]=>HttpChannelOverHttp@2c8fafaa{s=HttpChannelState@16fcd55c{s=IDLE rs=BLOCKING os=OPEN is=IDLE awp=false se=false i=true al=0},r=1,c=false/false,a=IDLE,uri=null,age=0} parsed false HttpParser{s=START,0 of -1}
18:29:58.715 [qtp1410481748-27] DEBUG org.eclipse.jetty.server.HttpConnection - releaseRequestBuffer HttpConnection@6e2f72ca::SocketChannelEndPoint@57329211{l=/127.0.0.1:60922,r=/127.0.0.1:60923,OPEN,fill=-,flush=-,to=7/3600000}{io=0/0,kio=0,kro=1}->HttpConnection@6e2f72ca[p=HttpParser{s=START,0 of -1},g=HttpGenerator@2c449f9a{s=START}]=>HttpChannelOverHttp@2c8fafaa{s=HttpChannelState@16fcd55c{s=IDLE rs=BLOCKING os=OPEN is=IDLE awp=false se=false i=true al=0},r=1,c=false/false,a=IDLE,uri=null,age=0}
18:29:58.715 [qtp1410481748-27] DEBUG org.eclipse.jetty.io.AbstractConnection - fillInterested HttpConnection@6e2f72ca::SocketChannelEndPoint@57329211{l=/127.0.0.1:60922,r=/127.0.0.1:60923,OPEN,fill=-,flush=-,to=7/3600000}{io=0/0,kio=0,kro=1}->HttpConnection@6e2f72ca[p=HttpParser{s=START,0 of -1},g=HttpGenerator@2c449f9a{s=START}]=>HttpChannelOverHttp@2c8fafaa{s=HttpChannelState@16fcd55c{s=IDLE rs=BLOCKING os=OPEN is=IDLE awp=false se=false i=true al=0},r=1,c=false/false,a=IDLE,uri=null,age=0}
18:29:58.716 [qtp1410481748-27] DEBUG org.eclipse.jetty.io.FillInterest - interested FillInterest@4c8a18ec{AC.ReadCB@6e2f72ca{HttpConnection@6e2f72ca::SocketChannelEndPoint@57329211{l=/127.0.0.1:60922,r=/127.0.0.1:60923,OPEN,fill=FI,flush=-,to=0/3600000}{io=0/0,kio=0,kro=1}->HttpConnection@6e2f72ca[p=HttpParser{s=START,0 of -1},g=HttpGenerator@2c449f9a{s=START}]=>HttpChannelOverHttp@2c8fafaa{s=HttpChannelState@16fcd55c{s=IDLE rs=BLOCKING os=OPEN is=IDLE awp=false se=false i=true al=0},r=1,c=false/false,a=IDLE,uri=null,age=0}}}
18:29:58.716 [qtp1410481748-27] DEBUG org.eclipse.jetty.io.ChannelEndPoint - changeInterests p=false 0->1 for SocketChannelEndPoint@57329211{l=/127.0.0.1:60922,r=/127.0.0.1:60923,OPEN,fill=FI,flush=-,to=0/3600000}{io=0/1,kio=0,kro=1}->HttpConnection@6e2f72ca[p=HttpParser{s=START,0 of -1},g=HttpGenerator@2c449f9a{s=START}]=>HttpChannelOverHttp@2c8fafaa{s=HttpChannelState@16fcd55c{s=IDLE rs=BLOCKING os=OPEN is=IDLE awp=false se=false i=true al=0},r=1,c=false/false,a=IDLE,uri=null,age=0}
18:29:58.716 [qtp1410481748-27] DEBUG org.eclipse.jetty.io.ManagedSelector - Queued change lazy=false org.eclipse.jetty.io.ChannelEndPoint$$Lambda$316/0x000000700114c870@bd3952 on ManagedSelector@2720cb44{STARTED} id=1 keys=1 selected=0 updates=0
18:29:58.716 [qtp1410481748-27] DEBUG org.eclipse.jetty.io.ManagedSelector - Wakeup on submit ManagedSelector@2720cb44{STARTED} id=1 keys=1 selected=0 updates=1
18:29:58.716 [qtp1410481748-27] DEBUG org.eclipse.jetty.server.HttpConnection - HttpConnection@6e2f72ca::SocketChannelEndPoint@57329211{l=/127.0.0.1:60922,r=/127.0.0.1:60923,OPEN,fill=FI,flush=-,to=0/3600000}{io=0/1,kio=0,kro=1}->HttpConnection@6e2f72ca[p=HttpParser{s=START,0 of -1},g=HttpGenerator@2c449f9a{s=START}]=>HttpChannelOverHttp@2c8fafaa{s=HttpChannelState@16fcd55c{s=IDLE rs=BLOCKING os=OPEN is=IDLE awp=false se=false i=true al=0},r=1,c=false/false,a=IDLE,uri=null,age=0} onFillable exit HttpChannelState@16fcd55c{s=IDLE rs=BLOCKING os=OPEN is=IDLE awp=false se=false i=true al=0} null
18:29:58.716 [qtp1410481748-21] DEBUG org.eclipse.jetty.io.ManagedSelector - Selector sun.nio.ch.KQueueSelectorImpl@3af34f58 woken with none selected
18:29:58.716 [qtp1410481748-27] DEBUG org.eclipse.jetty.util.thread.QueuedThreadPool - ran CEP:SocketChannelEndPoint@57329211{l=/127.0.0.1:60922,r=/127.0.0.1:60923,OPEN,fill=FI,flush=-,to=0/3600000}{io=0/1,kio=0,kro=1}->HttpConnection@6e2f72ca[p=HttpParser{s=START,0 of -1},g=HttpGenerator@2c449f9a{s=START}]=>HttpChannelOverHttp@2c8fafaa{s=HttpChannelState@16fcd55c{s=IDLE rs=BLOCKING os=OPEN is=IDLE awp=false se=false i=true al=0},r=1,c=false/false,a=IDLE,uri=null,age=0}:runFillable:BLOCKING in QueuedThreadPool[qtp1410481748]@54123e54{STARTED,8<=8<=200,i=1,r=8,q=0}[ReservedThreadExecutor@7d01969b{s=1/8,p=0}]
18:29:58.716 [qtp1410481748-21] DEBUG org.eclipse.jetty.io.ManagedSelector - Selector sun.nio.ch.KQueueSelectorImpl@3af34f58 woken up from select, 0/0/1 selected
18:29:58.716 [qtp1410481748-21] DEBUG org.eclipse.jetty.io.ManagedSelector - Selector sun.nio.ch.KQueueSelectorImpl@3af34f58 processing 0 keys, 1 updates
18:29:58.716 [qtp1410481748-21] DEBUG org.eclipse.jetty.io.ManagedSelector - updateable 1
18:29:58.716 [qtp1410481748-21] DEBUG org.eclipse.jetty.io.ManagedSelector - update org.eclipse.jetty.io.ChannelEndPoint$$Lambda$316/0x000000700114c870@bd3952
18:29:58.717 [qtp1410481748-21] DEBUG org.eclipse.jetty.io.ChannelEndPoint - Key interests updated 0 -> 1 on SocketChannelEndPoint@57329211{l=/127.0.0.1:60922,r=/127.0.0.1:60923,OPEN,fill=FI,flush=-,to=0/3600000}{io=1/1,kio=1,kro=1}->HttpConnection@6e2f72ca[p=HttpParser{s=START,0 of -1},g=HttpGenerator@2c449f9a{s=START}]=>HttpChannelOverHttp@2c8fafaa{s=HttpChannelState@16fcd55c{s=IDLE rs=BLOCKING os=OPEN is=IDLE awp=false se=false i=true al=0},r=1,c=false/false,a=IDLE,uri=null,age=0}
18:29:58.717 [qtp1410481748-21] DEBUG org.eclipse.jetty.io.ManagedSelector - updates 0
18:29:58.717 [qtp1410481748-21] DEBUG org.eclipse.jetty.io.ManagedSelector - Selector sun.nio.ch.KQueueSelectorImpl@3af34f58 waiting with 1 keys
18:29:58.735 [qtp1410481748-21] DEBUG org.eclipse.jetty.io.ManagedSelector - Selector sun.nio.ch.KQueueSelectorImpl@3af34f58 woken up from select, 1/1/1 selected
18:29:58.735 [qtp1410481748-21] DEBUG org.eclipse.jetty.io.ManagedSelector - Selector sun.nio.ch.KQueueSelectorImpl@3af34f58 processing 1 keys, 0 updates
18:29:58.735 [qtp1410481748-21] DEBUG org.eclipse.jetty.io.ManagedSelector - selected 1 channel=java.nio.channels.SocketChannel[connected local=/127.0.0.1:60922 remote=/127.0.0.1:60923], selector=sun.nio.ch.KQueueSelectorImpl@3af34f58, interestOps=1, readyOps=1 SocketChannelEndPoint@57329211{l=/127.0.0.1:60922,r=/127.0.0.1:60923,OPEN,fill=FI,flush=-,to=19/3600000}{io=1/1,kio=1,kro=1}->HttpConnection@6e2f72ca[p=HttpParser{s=START,0 of -1},g=HttpGenerator@2c449f9a{s=START}]=>HttpChannelOverHttp@2c8fafaa{s=HttpChannelState@16fcd55c{s=IDLE rs=BLOCKING os=OPEN is=IDLE awp=false se=false i=true al=0},r=1,c=false/false,a=IDLE,uri=null,age=0} 
18:29:58.736 [qtp1410481748-21] DEBUG org.eclipse.jetty.io.ChannelEndPoint - onSelected 1->0 r=true w=false for SocketChannelEndPoint@57329211{l=/127.0.0.1:60922,r=/127.0.0.1:60923,OPEN,fill=FI,flush=-,to=19/3600000}{io=1/0,kio=1,kro=1}->HttpConnection@6e2f72ca[p=HttpParser{s=START,0 of -1},g=HttpGenerator@2c449f9a{s=START}]=>HttpChannelOverHttp@2c8fafaa{s=HttpChannelState@16fcd55c{s=IDLE rs=BLOCKING os=OPEN is=IDLE awp=false se=false i=true al=0},r=1,c=false/false,a=IDLE,uri=null,age=0}
18:29:58.736 [qtp1410481748-21] DEBUG org.eclipse.jetty.io.ChannelEndPoint - task CEP:SocketChannelEndPoint@57329211{l=/127.0.0.1:60922,r=/127.0.0.1:60923,OPEN,fill=FI,flush=-,to=20/3600000}{io=1/0,kio=1,kro=1}->HttpConnection@6e2f72ca[p=HttpParser{s=START,0 of -1},g=HttpGenerator@2c449f9a{s=START}]=>HttpChannelOverHttp@2c8fafaa{s=HttpChannelState@16fcd55c{s=IDLE rs=BLOCKING os=OPEN is=IDLE awp=false se=false i=true al=0},r=1,c=false/false,a=IDLE,uri=null,age=0}:runFillable:BLOCKING
18:29:58.736 [qtp1410481748-21] DEBUG org.eclipse.jetty.util.thread.ReservedThreadExecutor - ReservedThreadExecutor@7d01969b{s=1/8,p=0} tryExecute EatWhatYouKill@731c96a0/SelectorProducer@7df3b95/PRODUCING/p=false/QueuedThreadPool[qtp1410481748]@54123e54{STARTED,8<=8<=200,i=2,r=8,q=0}[ReservedThreadExecutor@7d01969b{s=1/8,p=0}][pc=0,pic=0,pec=1,epc=0]@2023-11-11T18:29:58.736457-05:00
18:29:58.736 [qtp1410481748-21] DEBUG org.eclipse.jetty.util.thread.ReservedThreadExecutor - ReservedThreadExecutor@7d01969b{s=0/8,p=0}@291dfdcb offer EatWhatYouKill@731c96a0/SelectorProducer@7df3b95/PRODUCING/p=false/QueuedThreadPool[qtp1410481748]@54123e54{STARTED,8<=8<=200,i=2,r=8,q=0}[ReservedThreadExecutor@7d01969b{s=0/8,p=0}][pc=0,pic=0,pec=1,epc=0]@2023-11-11T18:29:58.736754-05:00
18:29:58.736 [main] DEBUG spark.route.Routes - Removing path broadband
18:29:58.737 [qtp1410481748-21] DEBUG org.eclipse.jetty.util.thread.ReservedThreadExecutor - ReservedThreadExecutor@7d01969b{s=0/8,p=1} startReservedThread p=1
18:29:58.737 [qtp1410481748-21] DEBUG org.eclipse.jetty.util.thread.QueuedThreadPool - queue ReservedThreadExecutor@7d01969b{s=0/8,p=1}@5636cbc3 startThread=0
18:29:58.737 [qtp1410481748-25] DEBUG org.eclipse.jetty.util.thread.QueuedThreadPool - run ReservedThreadExecutor@7d01969b{s=0/8,p=1}@5636cbc3 in QueuedThreadPool[qtp1410481748]@54123e54{STARTED,8<=8<=200,i=1,r=8,q=0}[ReservedThreadExecutor@7d01969b{s=0/8,p=1}]
18:29:58.737 [qtp1410481748-25] DEBUG org.eclipse.jetty.util.thread.ReservedThreadExecutor - ReservedThreadExecutor@7d01969b{s=1/8,p=1}@5636cbc3 started
18:29:58.737 [qtp1410481748-25] DEBUG org.eclipse.jetty.util.thread.ReservedThreadExecutor - ReservedThreadExecutor@7d01969b{s=1/8,p=0}@5636cbc3 waiting
18:29:58.737 [qtp1410481748-26] DEBUG org.eclipse.jetty.util.thread.ReservedThreadExecutor - ReservedThreadExecutor@7d01969b{s=0/8,p=1}@291dfdcb task=EatWhatYouKill@731c96a0/SelectorProducer@7df3b95/IDLE/p=true/QueuedThreadPool[qtp1410481748]@54123e54{STARTED,8<=8<=200,i=1,r=8,q=0}[ReservedThreadExecutor@7d01969b{s=0/8,p=1}][pc=0,pic=0,pec=1,epc=0]@2023-11-11T18:29:58.737498-05:00
18:29:58.737 [qtp1410481748-26] DEBUG org.eclipse.jetty.util.thread.strategy.EatWhatYouKill - EatWhatYouKill@731c96a0/SelectorProducer@7df3b95/IDLE/p=true/QueuedThreadPool[qtp1410481748]@54123e54{STARTED,8<=8<=200,i=1,r=8,q=0}[ReservedThreadExecutor@7d01969b{s=1/8,p=0}][pc=0,pic=0,pec=1,epc=0]@2023-11-11T18:29:58.737791-05:00 tryProduce true
18:29:58.737 [qtp1410481748-21] DEBUG org.eclipse.jetty.util.thread.strategy.EatWhatYouKill - EatWhatYouKill@731c96a0/SelectorProducer@7df3b95/IDLE/p=true/QueuedThreadPool[qtp1410481748]@54123e54{STARTED,8<=8<=200,i=1,r=8,q=0}[ReservedThreadExecutor@7d01969b{s=1/8,p=0}][pc=0,pic=0,pec=1,epc=0]@2023-11-11T18:29:58.737698-05:00 m=EXECUTE_PRODUCE_CONSUME t=CEP:SocketChannelEndPoint@57329211{l=/127.0.0.1:60922,r=/127.0.0.1:60923,OPEN,fill=FI,flush=-,to=21/3600000}{io=1/0,kio=1,kro=1}->HttpConnection@6e2f72ca[p=HttpParser{s=START,0 of -1},g=HttpGenerator@2c449f9a{s=START}]=>HttpChannelOverHttp@2c8fafaa{s=HttpChannelState@16fcd55c{s=IDLE rs=BLOCKING os=OPEN is=IDLE awp=false se=false i=true al=0},r=1,c=false/false,a=IDLE,uri=null,age=0}:runFillable:BLOCKING/BLOCKING
18:29:58.737 [qtp1410481748-26] DEBUG org.eclipse.jetty.io.ManagedSelector - updateable 0
18:29:58.738 [qtp1410481748-26] DEBUG org.eclipse.jetty.io.ManagedSelector - updates 0
18:29:58.738 [qtp1410481748-21] DEBUG org.eclipse.jetty.io.FillInterest - fillable FillInterest@4c8a18ec{AC.ReadCB@6e2f72ca{HttpConnection@6e2f72ca::SocketChannelEndPoint@57329211{l=/127.0.0.1:60922,r=/127.0.0.1:60923,OPEN,fill=FI,flush=-,to=22/3600000}{io=1/0,kio=1,kro=1}->HttpConnection@6e2f72ca[p=HttpParser{s=START,0 of -1},g=HttpGenerator@2c449f9a{s=START}]=>HttpChannelOverHttp@2c8fafaa{s=HttpChannelState@16fcd55c{s=IDLE rs=BLOCKING os=OPEN is=IDLE awp=false se=false i=true al=0},r=1,c=false/false,a=IDLE,uri=null,age=0}}}
18:29:58.738 [qtp1410481748-26] DEBUG org.eclipse.jetty.io.ChannelEndPoint - Key interests updated 1 -> 0 on SocketChannelEndPoint@57329211{l=/127.0.0.1:60922,r=/127.0.0.1:60923,OPEN,fill=FI,flush=-,to=22/3600000}{io=0/0,kio=0,kro=1}->HttpConnection@6e2f72ca[p=HttpParser{s=START,0 of -1},g=HttpGenerator@2c449f9a{s=START}]=>HttpChannelOverHttp@2c8fafaa{s=HttpChannelState@16fcd55c{s=IDLE rs=BLOCKING os=OPEN is=IDLE awp=false se=false i=true al=0},r=1,c=false/false,a=IDLE,uri=null,age=0}
18:29:58.738 [qtp1410481748-26] DEBUG org.eclipse.jetty.io.ManagedSelector - Selector sun.nio.ch.KQueueSelectorImpl@3af34f58 waiting with 1 keys
18:29:58.738 [qtp1410481748-21] DEBUG org.eclipse.jetty.server.HttpConnection - HttpConnection@6e2f72ca::SocketChannelEndPoint@57329211{l=/127.0.0.1:60922,r=/127.0.0.1:60923,OPEN,fill=-,flush=-,to=22/3600000}{io=0/0,kio=0,kro=1}->HttpConnection@6e2f72ca[p=HttpParser{s=START,0 of -1},g=HttpGenerator@2c449f9a{s=START}]=>HttpChannelOverHttp@2c8fafaa{s=HttpChannelState@16fcd55c{s=IDLE rs=BLOCKING os=OPEN is=IDLE awp=false se=false i=true al=0},r=1,c=false/false,a=IDLE,uri=null,age=0} onFillable enter HttpChannelState@16fcd55c{s=IDLE rs=BLOCKING os=OPEN is=IDLE awp=false se=false i=true al=0} null
18:29:58.738 [qtp1410481748-21] DEBUG org.eclipse.jetty.io.AbstractEndPoint - shutdownInput SocketChannelEndPoint@57329211{l=/127.0.0.1:60922,r=/127.0.0.1:60923,OPEN,fill=-,flush=-,to=22/3600000}{io=0/0,kio=0,kro=1}->HttpConnection@6e2f72ca[p=HttpParser{s=START,0 of -1},g=HttpGenerator@2c449f9a{s=START}]=>HttpChannelOverHttp@2c8fafaa{s=HttpChannelState@16fcd55c{s=IDLE rs=BLOCKING os=OPEN is=IDLE awp=false se=false i=true al=0},r=1,c=false/false,a=IDLE,uri=null,age=0}
18:29:58.738 [qtp1410481748-21] DEBUG org.eclipse.jetty.io.ChannelEndPoint - filled -1 HeapByteBuffer@3bc38645[p=0,l=0,c=8192,r=0]={<<<>>>HTTP/1.1 ...\x00\x00\x00\x00\x00\x00\x00}
18:29:58.738 [qtp1410481748-21] DEBUG org.eclipse.jetty.http.HttpParser - atEOF HttpParser{s=START,0 of -1}
18:29:58.739 [qtp1410481748-21] DEBUG org.eclipse.jetty.server.HttpConnection - HttpConnection@6e2f72ca::SocketChannelEndPoint@57329211{l=/127.0.0.1:60922,r=/127.0.0.1:60923,ISHUT,fill=-,flush=-,to=22/3600000}{io=0/0,kio=0,kro=1}->HttpConnection@6e2f72ca[p=HttpParser{s=START,0 of -1},g=HttpGenerator@2c449f9a{s=START}]=>HttpChannelOverHttp@2c8fafaa{s=HttpChannelState@16fcd55c{s=IDLE rs=BLOCKING os=OPEN is=IDLE awp=false se=false i=true al=0},r=1,c=false/false,a=IDLE,uri=null,age=0} filled -1 HeapByteBuffer@3bc38645[p=0,l=0,c=8192,r=0]={<<<>>>HTTP/1.1 ...\x00\x00\x00\x00\x00\x00\x00}
18:29:58.739 [qtp1410481748-21] DEBUG org.eclipse.jetty.server.HttpConnection - HttpConnection@6e2f72ca::SocketChannelEndPoint@57329211{l=/127.0.0.1:60922,r=/127.0.0.1:60923,ISHUT,fill=-,flush=-,to=23/3600000}{io=0/0,kio=0,kro=1}->HttpConnection@6e2f72ca[p=HttpParser{s=START,0 of -1},g=HttpGenerator@2c449f9a{s=START}]=>HttpChannelOverHttp@2c8fafaa{s=HttpChannelState@16fcd55c{s=IDLE rs=BLOCKING os=OPEN is=IDLE awp=false se=false i=true al=0},r=1,c=false/false,a=IDLE,uri=null,age=0} parse HeapByteBuffer@3bc38645[p=0,l=0,c=8192,r=0]={<<<>>>HTTP/1.1 ...\x00\x00\x00\x00\x00\x00\x00} {}
18:29:58.739 [qtp1410481748-21] DEBUG org.eclipse.jetty.http.HttpParser - parseNext s=START HeapByteBuffer@3bc38645[p=0,l=0,c=8192,r=0]={<<<>>>HTTP/1.1 ...\x00\x00\x00\x00\x00\x00\x00}
18:29:58.739 [qtp1410481748-21] DEBUG org.eclipse.jetty.http.HttpParser - START --> CLOSED
18:29:58.739 [qtp1410481748-21] DEBUG org.eclipse.jetty.io.AbstractEndPoint - close SocketChannelEndPoint@57329211{l=/127.0.0.1:60922,r=/127.0.0.1:60923,ISHUT,fill=-,flush=-,to=23/3600000}{io=0/0,kio=0,kro=1}->HttpConnection@6e2f72ca[p=HttpParser{s=CLOSED,0 of -1},g=HttpGenerator@2c449f9a{s=START}]=>HttpChannelOverHttp@2c8fafaa{s=HttpChannelState@16fcd55c{s=IDLE rs=BLOCKING os=OPEN is=IDLE awp=false se=false i=true al=0},r=1,c=false/false,a=IDLE,uri=null,age=0}
18:29:58.739 [qtp1410481748-21] DEBUG org.eclipse.jetty.io.AbstractEndPoint - close(null) SocketChannelEndPoint@57329211{l=/127.0.0.1:60922,r=/127.0.0.1:60923,ISHUT,fill=-,flush=-,to=23/3600000}{io=0/0,kio=0,kro=1}->HttpConnection@6e2f72ca[p=HttpParser{s=CLOSED,0 of -1},g=HttpGenerator@2c449f9a{s=START}]=>HttpChannelOverHttp@2c8fafaa{s=HttpChannelState@16fcd55c{s=IDLE rs=BLOCKING os=OPEN is=IDLE awp=false se=false i=true al=0},r=1,c=false/false,a=IDLE,uri=null,age=0}
18:29:58.739 [qtp1410481748-21] DEBUG org.eclipse.jetty.io.ChannelEndPoint - doClose SocketChannelEndPoint@57329211{l=/127.0.0.1:60922,r=/127.0.0.1:60923,CLOSED,fill=-,flush=-,to=23/3600000}{io=0/0,kio=0,kro=1}->HttpConnection@6e2f72ca[p=HttpParser{s=CLOSED,0 of -1},g=HttpGenerator@2c449f9a{s=START}]=>HttpChannelOverHttp@2c8fafaa{s=HttpChannelState@16fcd55c{s=IDLE rs=BLOCKING os=OPEN is=IDLE awp=false se=false i=true al=0},r=1,c=false/false,a=IDLE,uri=null,age=0}
]]></system-out>
  </testcase>
</testsuite>